<h2>Reporter output</h2><table><tr><td>From listner - Starting the test org.testng.TestRunner@4ae82894</td></tr>
<tr><td>Close browser error</td></tr>
<tr><td>Webelement --> 'cashkaro.homePage.signInLink' was not found in the page.Error --> 'Session ID is null. Using WebDriver after calling quit()?
Build info: version: '3.0.1', revision: '1969d75', time: '2016-10-18 09:49:13 -0700'
System info: host: 'User-PC', ip: '192.168.1.3', os.name: 'Windows 7', os.arch: 'amd64', os.version: '6.1', java.version: '1.8.0_111'
Driver info: driver.version: RemoteWebDriver</td></tr>
<tr><td>From listner - The test failed out [TestResult name=openForgotPasswordFrame status=FAILURE method=testforgotPassWord.openForgotPasswordFrame()[pri:0, instance:com.cashkaro.testScripts.testforgotPassWord@4524411f] output=Webelement --> 'cashkaro.homePage.signInLink' was not found in the page.Error --> 'Session ID is null. Using WebDriver after calling quit()?
Build info: version: '3.0.1', revision: '1969d75', time: '2016-10-18 09:49:13 -0700'
System info: host: 'User-PC', ip: '192.168.1.3', os.name: 'Windows 7', os.arch: 'amd64', os.version: '6.1', java.version: '1.8.0_111'
Driver info: driver.version: RemoteWebDriver]</td></tr>
<tr><td>From listner - The test failed out [TestResult name=openForgotPasswordFrame status=FAILURE method=testforgotPassWord.openForgotPasswordFrame()[pri:0, instance:com.cashkaro.testScripts.testforgotPassWord@4524411f] output=Webelement --> 'cashkaro.homePage.signInLink' was not found in the page.Error --> 'Session ID is null. Using WebDriver after calling quit()?
Build info: version: '3.0.1', revision: '1969d75', time: '2016-10-18 09:49:13 -0700'
System info: host: 'User-PC', ip: '192.168.1.3', os.name: 'Windows 7', os.arch: 'amd64', os.version: '6.1', java.version: '1.8.0_111'
Driver info: driver.version: RemoteWebDriver]</td></tr>
<tr><td>From listner - The test failed out [TestResult name=testforgotPasswordFrame status=SKIP method=testforgotPassWord.testforgotPasswordFrame(java.lang.String, java.lang.String)[pri:0, instance:com.cashkaro.testScripts.testforgotPassWord@4524411f] output={null}]</td></tr>
<tr><td>From listner - The test failed out [TestResult name=closeforgotPasswordFrame status=SKIP method=testforgotPassWord.closeforgotPasswordFrame()[pri:0, instance:com.cashkaro.testScripts.testforgotPassWord@4524411f] output={null}]</td></tr>
<tr><td>From listner - Ending the test org.testng.TestRunner@4ae82894</td></tr>
<tr><td>From listner - Starting the test org.testng.TestRunner@1608bcbd</td></tr>
<tr><td>Webelement --> 'cashkaro.homePage.signInLink' was found in the page.</td></tr>
<tr><td>Webelement --> 'cashkaro.homePage.signInLink' was found in the page.</td></tr>
<tr><td>Clicked on Webelement --> 'cashkaro.homePage.signInLink'</td></tr>
<tr><td>Webelement --> 'cashkaro.signInframe' was found in the page.</td></tr>
<tr><td>Control switched to frame --> '[[ChromeDriver: chrome on XP (17ff695645f9b9cbc45623f7fae0d8cf)] -> class name: cboxIframe]'</td></tr>
<tr><td>Webelement --> 'cashkaro.signInPage.forgotPwdink' was found in the page.</td></tr>
<tr><td>Webelement --> 'cashkaro.homePage.signInLink' was not found in the page.Error --> 'no such element: Unable to locate element: {"method":"link text","selector":"SIGN IN"}
  (Session info: chrome=55.0.2883.87)
  (Driver info: chromedriver=2.25.426923 (0390b88869384d6eb0d5d09729679f934aab9eed),platform=Windows NT 6.1.7600 x86_64) (WARNING: The server did not provide any stacktrace information)
Command duration or timeout: 122 milliseconds
For documentation on this error, please visit: http://seleniumhq.org/exceptions/no_such_element.html
Build info: version: '3.0.1', revision: '1969d75', time: '2016-10-18 09:49:13 -0700'
System info: host: 'User-PC', ip: '192.168.1.3', os.name: 'Windows 7', os.arch: 'amd64', os.version: '6.1', java.version: '1.8.0_111'
Driver info: org.openqa.selenium.chrome.ChromeDriver
Capabilities [{applicationCacheEnabled=false, rotatable=false, mobileEmulationEnabled=false, networkConnectionEnabled=false, chrome={chromedriverVersion=2.25.426923 (0390b88869384d6eb0d5d09729679f934aab9eed), userDataDir=C:\Users\User\AppData\Local\Temp\scoped_dir4768_31259}, takesHeapSnapshot=true, pageLoadStrategy=normal, databaseEnabled=false, handlesAlerts=true, hasTouchScreen=false, version=55.0.2883.87, platform=XP, browserConnectionEnabled=false, nativeEvents=true, acceptSslCerts=true, locationContextEnabled=true, webStorageEnabled=true, browserName=chrome, takesScreenshot=true, javascriptEnabled=true, cssSelectorsEnabled=true}]
Session ID: 17ff695645f9b9cbc45623f7fae0d8cf
*** Element info: {Using=link text, value=SIGN IN}</td></tr>
<tr><td>From listner - The test failed out [TestResult name=validSignINFrame status=FAILURE method=testLogin.validSignINFrame(java.lang.String, java.lang.String, java.lang.String)[pri:0, instance:com.cashkaro.testScripts.testLogin@5c18298f] output=Webelement --> 'cashkaro.homePage.signInLink' was not found in the page.Error --> 'no such element: Unable to locate element: {"method":"link text","selector":"SIGN IN"}
  (Session info: chrome=55.0.2883.87)
  (Driver info: chromedriver=2.25.426923 (0390b88869384d6eb0d5d09729679f934aab9eed),platform=Windows NT 6.1.7600 x86_64) (WARNING: The server did not provide any stacktrace information)
Command duration or timeout: 122 milliseconds
For documentation on this error, please visit: http://seleniumhq.org/exceptions/no_such_element.html
Build info: version: '3.0.1', revision: '1969d75', time: '2016-10-18 09:49:13 -0700'
System info: host: 'User-PC', ip: '192.168.1.3', os.name: 'Windows 7', os.arch: 'amd64', os.version: '6.1', java.version: '1.8.0_111'
Driver info: org.openqa.selenium.chrome.ChromeDriver
Capabilities [{applicationCacheEnabled=false, rotatable=false, mobileEmulationEnabled=false, networkConnectionEnabled=false, chrome={chromedriverVersion=2.25.426923 (0390b88869384d6eb0d5d09729679f934aab9eed), userDataDir=C:\Users\User\AppData\Local\Temp\scoped_dir4768_31259}, takesHeapSnapshot=true, pageLoadStrategy=normal, databaseEnabled=false, handlesAlerts=true, hasTouchScreen=false, version=55.0.2883.87, platform=XP, browserConnectionEnabled=false, nativeEvents=true, acceptSslCerts=true, locationContextEnabled=true, webStorageEnabled=true, browserName=chrome, takesScreenshot=true, javascriptEnabled=true, cssSelectorsEnabled=true}]
Session ID: 17ff695645f9b9cbc45623f7fae0d8cf
*** Element info: {Using=link text, value=SIGN IN}]</td></tr>
<tr><td>From listner - The test failed out [TestResult name=validSignINFrame status=FAILURE method=testLogin.validSignINFrame(java.lang.String, java.lang.String, java.lang.String)[pri:0, instance:com.cashkaro.testScripts.testLogin@5c18298f] output=Webelement --> 'cashkaro.homePage.signInLink' was not found in the page.Error --> 'no such element: Unable to locate element: {"method":"link text","selector":"SIGN IN"}
  (Session info: chrome=55.0.2883.87)
  (Driver info: chromedriver=2.25.426923 (0390b88869384d6eb0d5d09729679f934aab9eed),platform=Windows NT 6.1.7600 x86_64) (WARNING: The server did not provide any stacktrace information)
Command duration or timeout: 122 milliseconds
For documentation on this error, please visit: http://seleniumhq.org/exceptions/no_such_element.html
Build info: version: '3.0.1', revision: '1969d75', time: '2016-10-18 09:49:13 -0700'
System info: host: 'User-PC', ip: '192.168.1.3', os.name: 'Windows 7', os.arch: 'amd64', os.version: '6.1', java.version: '1.8.0_111'
Driver info: org.openqa.selenium.chrome.ChromeDriver
Capabilities [{applicationCacheEnabled=false, rotatable=false, mobileEmulationEnabled=false, networkConnectionEnabled=false, chrome={chromedriverVersion=2.25.426923 (0390b88869384d6eb0d5d09729679f934aab9eed), userDataDir=C:\Users\User\AppData\Local\Temp\scoped_dir4768_31259}, takesHeapSnapshot=true, pageLoadStrategy=normal, databaseEnabled=false, handlesAlerts=true, hasTouchScreen=false, version=55.0.2883.87, platform=XP, browserConnectionEnabled=false, nativeEvents=true, acceptSslCerts=true, locationContextEnabled=true, webStorageEnabled=true, browserName=chrome, takesScreenshot=true, javascriptEnabled=true, cssSelectorsEnabled=true}]
Session ID: 17ff695645f9b9cbc45623f7fae0d8cf
*** Element info: {Using=link text, value=SIGN IN}]</td></tr>
<tr><td>Close browser error</td></tr>
<tr><td>Webelement --> 'cashkaro.signInframe.emailTxt' was not found in the page.Error --> 'Session ID is null. Using WebDriver after calling quit()?
Build info: version: '3.0.1', revision: '1969d75', time: '2016-10-18 09:49:13 -0700'
System info: host: 'User-PC', ip: '192.168.1.3', os.name: 'Windows 7', os.arch: 'amd64', os.version: '6.1', java.version: '1.8.0_111'
Driver info: driver.version: RemoteWebDriver</td></tr>
<tr><td>Text --> 'rjNOT@gmail.com' not entered in text field --> 'cashkaro.signInframe.emailTxt'.Error -null</td></tr>
<tr><td>From listner - The test failed out [TestResult name=testTheLogin status=FAILURE method=testLogin.testTheLogin(java.lang.String, java.lang.String, java.lang.String)[pri:0, instance:com.cashkaro.testScripts.testLogin@5c18298f] output=Webelement --> 'cashkaro.signInframe.emailTxt' was not found in the page.Error --> 'Session ID is null. Using WebDriver after calling quit()?
Build info: version: '3.0.1', revision: '1969d75', time: '2016-10-18 09:49:13 -0700'
System info: host: 'User-PC', ip: '192.168.1.3', os.name: 'Windows 7', os.arch: 'amd64', os.version: '6.1', java.version: '1.8.0_111'
Driver info: driver.version: RemoteWebDriver]</td></tr>
<tr><td>From listner - The test failed out [TestResult name=testTheLogin status=FAILURE method=testLogin.testTheLogin(java.lang.String, java.lang.String, java.lang.String)[pri:0, instance:com.cashkaro.testScripts.testLogin@5c18298f] output=Webelement --> 'cashkaro.signInframe.emailTxt' was not found in the page.Error --> 'Session ID is null. Using WebDriver after calling quit()?
Build info: version: '3.0.1', revision: '1969d75', time: '2016-10-18 09:49:13 -0700'
System info: host: 'User-PC', ip: '192.168.1.3', os.name: 'Windows 7', os.arch: 'amd64', os.version: '6.1', java.version: '1.8.0_111'
Driver info: driver.version: RemoteWebDriver]</td></tr>
<tr><td>Webelement --> 'cashkaro.signInframe.emailTxt' was not found in the page.Error --> 'Session ID is null. Using WebDriver after calling quit()?
Build info: version: '3.0.1', revision: '1969d75', time: '2016-10-18 09:49:13 -0700'
System info: host: 'User-PC', ip: '192.168.1.3', os.name: 'Windows 7', os.arch: 'amd64', os.version: '6.1', java.version: '1.8.0_111'
Driver info: driver.version: RemoteWebDriver</td></tr>
<tr><td>Text --> 'rijujohn' not entered in text field --> 'cashkaro.signInframe.emailTxt'.Error -null</td></tr>
<tr><td>From listner - The test failed out [TestResult name=testTheLogin status=FAILURE method=testLogin.testTheLogin(java.lang.String, java.lang.String, java.lang.String)[pri:0, instance:com.cashkaro.testScripts.testLogin@5c18298f] output=Webelement --> 'cashkaro.signInframe.emailTxt' was not found in the page.Error --> 'Session ID is null. Using WebDriver after calling quit()?
Build info: version: '3.0.1', revision: '1969d75', time: '2016-10-18 09:49:13 -0700'
System info: host: 'User-PC', ip: '192.168.1.3', os.name: 'Windows 7', os.arch: 'amd64', os.version: '6.1', java.version: '1.8.0_111'
Driver info: driver.version: RemoteWebDriver]</td></tr>
<tr><td>From listner - The test failed out [TestResult name=testTheLogin status=FAILURE method=testLogin.testTheLogin(java.lang.String, java.lang.String, java.lang.String)[pri:0, instance:com.cashkaro.testScripts.testLogin@5c18298f] output=Webelement --> 'cashkaro.signInframe.emailTxt' was not found in the page.Error --> 'Session ID is null. Using WebDriver after calling quit()?
Build info: version: '3.0.1', revision: '1969d75', time: '2016-10-18 09:49:13 -0700'
System info: host: 'User-PC', ip: '192.168.1.3', os.name: 'Windows 7', os.arch: 'amd64', os.version: '6.1', java.version: '1.8.0_111'
Driver info: driver.version: RemoteWebDriver]</td></tr>
<tr><td>From listner - The test failed out [TestResult name=closeSignINFrame status=FAILURE method=testLogin.closeSignINFrame()[pri:0, instance:com.cashkaro.testScripts.testLogin@5c18298f] output={null}]</td></tr>
<tr><td>From listner - The test failed out [TestResult name=closeSignINFrame status=FAILURE method=testLogin.closeSignINFrame()[pri:0, instance:com.cashkaro.testScripts.testLogin@5c18298f] output=From listner - The test failed out [TestResult name=closeSignINFrame status=FAILURE method=testLogin.closeSignINFrame()[pri:0, instance:com.cashkaro.testScripts.testLogin@5c18298f] output={null}]]</td></tr>
<tr><td>From listner - Ending the test org.testng.TestRunner@1608bcbd</td></tr>
<tr><td>From listner - Starting the test org.testng.TestRunner@77192705</td></tr>
<tr><td>Webelement --> 'cashkaro.homePage.joinFreeButton' was not found in the page.Error --> 'chrome not reachable
  (Session info: chrome=55.0.2883.87)
  (Driver info: chromedriver=2.25.426923 (0390b88869384d6eb0d5d09729679f934aab9eed),platform=Windows NT 6.1.7600 x86_64) (WARNING: The server did not provide any stacktrace information)
Command duration or timeout: 4.06 seconds
Build info: version: '3.0.1', revision: '1969d75', time: '2016-10-18 09:49:13 -0700'
System info: host: 'User-PC', ip: '192.168.1.3', os.name: 'Windows 7', os.arch: 'amd64', os.version: '6.1', java.version: '1.8.0_111'
Driver info: org.openqa.selenium.chrome.ChromeDriver
Capabilities [{applicationCacheEnabled=false, rotatable=false, mobileEmulationEnabled=false, networkConnectionEnabled=false, chrome={chromedriverVersion=2.25.426923 (0390b88869384d6eb0d5d09729679f934aab9eed), userDataDir=C:\Users\User\AppData\Local\Temp\scoped_dir148_10796}, takesHeapSnapshot=true, pageLoadStrategy=normal, databaseEnabled=false, handlesAlerts=true, hasTouchScreen=false, version=55.0.2883.87, platform=XP, browserConnectionEnabled=false, nativeEvents=true, acceptSslCerts=true, locationContextEnabled=true, webStorageEnabled=true, browserName=chrome, takesScreenshot=true, javascriptEnabled=true, cssSelectorsEnabled=true}]
Session ID: 6d1d75b2caa2e6b62bef59b244e95b3e
*** Element info: {Using=link text, value=JOIN FREE}</td></tr>
<tr><td>From listner - The test failed out [TestResult name=openJoinFreePage status=FAILURE method=testJoinWithFaceBook.openJoinFreePage()[pri:0, instance:com.cashkaro.testScripts.testJoinWithFaceBook@7a36aefa] output=Webelement --> 'cashkaro.homePage.joinFreeButton' was not found in the page.Error --> 'chrome not reachable
  (Session info: chrome=55.0.2883.87)
  (Driver info: chromedriver=2.25.426923 (0390b88869384d6eb0d5d09729679f934aab9eed),platform=Windows NT 6.1.7600 x86_64) (WARNING: The server did not provide any stacktrace information)
Command duration or timeout: 4.06 seconds
Build info: version: '3.0.1', revision: '1969d75', time: '2016-10-18 09:49:13 -0700'
System info: host: 'User-PC', ip: '192.168.1.3', os.name: 'Windows 7', os.arch: 'amd64', os.version: '6.1', java.version: '1.8.0_111'
Driver info: org.openqa.selenium.chrome.ChromeDriver
Capabilities [{applicationCacheEnabled=false, rotatable=false, mobileEmulationEnabled=false, networkConnectionEnabled=false, chrome={chromedriverVersion=2.25.426923 (0390b88869384d6eb0d5d09729679f934aab9eed), userDataDir=C:\Users\User\AppData\Local\Temp\scoped_dir148_10796}, takesHeapSnapshot=true, pageLoadStrategy=normal, databaseEnabled=false, handlesAlerts=true, hasTouchScreen=false, version=55.0.2883.87, platform=XP, browserConnectionEnabled=false, nativeEvents=true, acceptSslCerts=true, locationContextEnabled=true, webStorageEnabled=true, browserName=chrome, takesScreenshot=true, javascriptEnabled=true, cssSelectorsEnabled=true}]
Session ID: 6d1d75b2caa2e6b62bef59b244e95b3e
*** Element info: {Using=link text, value=JOIN FREE}]</td></tr>
<tr><td>From listner - The test failed out [TestResult name=openJoinFreePage status=FAILURE method=testJoinWithFaceBook.openJoinFreePage()[pri:0, instance:com.cashkaro.testScripts.testJoinWithFaceBook@7a36aefa] output=Webelement --> 'cashkaro.homePage.joinFreeButton' was not found in the page.Error --> 'chrome not reachable
  (Session info: chrome=55.0.2883.87)
  (Driver info: chromedriver=2.25.426923 (0390b88869384d6eb0d5d09729679f934aab9eed),platform=Windows NT 6.1.7600 x86_64) (WARNING: The server did not provide any stacktrace information)
Command duration or timeout: 4.06 seconds
Build info: version: '3.0.1', revision: '1969d75', time: '2016-10-18 09:49:13 -0700'
System info: host: 'User-PC', ip: '192.168.1.3', os.name: 'Windows 7', os.arch: 'amd64', os.version: '6.1', java.version: '1.8.0_111'
Driver info: org.openqa.selenium.chrome.ChromeDriver
Capabilities [{applicationCacheEnabled=false, rotatable=false, mobileEmulationEnabled=false, networkConnectionEnabled=false, chrome={chromedriverVersion=2.25.426923 (0390b88869384d6eb0d5d09729679f934aab9eed), userDataDir=C:\Users\User\AppData\Local\Temp\scoped_dir148_10796}, takesHeapSnapshot=true, pageLoadStrategy=normal, databaseEnabled=false, handlesAlerts=true, hasTouchScreen=false, version=55.0.2883.87, platform=XP, browserConnectionEnabled=false, nativeEvents=true, acceptSslCerts=true, locationContextEnabled=true, webStorageEnabled=true, browserName=chrome, takesScreenshot=true, javascriptEnabled=true, cssSelectorsEnabled=true}]
Session ID: 6d1d75b2caa2e6b62bef59b244e95b3e
*** Element info: {Using=link text, value=JOIN FREE}]</td></tr>
<tr><td>From listner - The test failed out [TestResult name=openJoinFB status=SKIP method=testJoinWithFaceBook.openJoinFB()[pri:0, instance:com.cashkaro.testScripts.testJoinWithFaceBook@7a36aefa] output={null}]</td></tr>
<tr><td>From listner - The test failed out [TestResult name=validateFBLinks status=SKIP method=testJoinWithFaceBook.validateFBLinks()[pri:0, instance:com.cashkaro.testScripts.testJoinWithFaceBook@7a36aefa] output={null}]</td></tr>
<tr><td>From listner - The test failed out [TestResult name=tearDown status=SKIP method=testJoinWithFaceBook.tearDown()[pri:0, instance:com.cashkaro.testScripts.testJoinWithFaceBook@7a36aefa] output={null}]</td></tr>
<tr><td>From listner - Ending the test org.testng.TestRunner@77192705</td></tr>
<tr><td>From listner - Starting the test org.testng.TestRunner@611df6e3</td></tr>
<tr><td>Webelement --> 'cashkaro.homePage.joinFreeButton' was found in the page.</td></tr>
<tr><td>Webelement --> 'cashkaro.homePage.joinFreeButton' was found in the page.</td></tr>
<tr><td>Clicked on Webelement --> 'cashkaro.homePage.joinFreeButton'</td></tr>
<tr><td>Close browser error</td></tr>
<tr><td>Webelement --> 'cashkaro.joinNowPage.joinFreeFullNameTxt' was not found in the page.Error --> 'Session ID is null. Using WebDriver after calling quit()?
Build info: version: '3.0.1', revision: '1969d75', time: '2016-10-18 09:49:13 -0700'
System info: host: 'User-PC', ip: '192.168.1.3', os.name: 'Windows 7', os.arch: 'amd64', os.version: '6.1', java.version: '1.8.0_111'
Driver info: driver.version: RemoteWebDriver</td></tr>
<tr><td>Text --> 'Existing John' not entered in text field --> 'cashkaro.joinNowPage.joinFreeFullNameTxt'.Error -null</td></tr>
<tr><td>From listner - The test failed out [TestResult name=testTheLogin status=FAILURE method=testJoinFree.testTheLogin(java.lang.String, java.lang.String, java.lang.String)[pri:0, instance:com.cashkaro.testScripts.testJoinFree@5123a213] output=Webelement --> 'cashkaro.joinNowPage.joinFreeFullNameTxt' was not found in the page.Error --> 'Session ID is null. Using WebDriver after calling quit()?
Build info: version: '3.0.1', revision: '1969d75', time: '2016-10-18 09:49:13 -0700'
System info: host: 'User-PC', ip: '192.168.1.3', os.name: 'Windows 7', os.arch: 'amd64', os.version: '6.1', java.version: '1.8.0_111'
Driver info: driver.version: RemoteWebDriver]</td></tr>
<tr><td>From listner - The test failed out [TestResult name=testTheLogin status=FAILURE method=testJoinFree.testTheLogin(java.lang.String, java.lang.String, java.lang.String)[pri:0, instance:com.cashkaro.testScripts.testJoinFree@5123a213] output=Webelement --> 'cashkaro.joinNowPage.joinFreeFullNameTxt' was not found in the page.Error --> 'Session ID is null. Using WebDriver after calling quit()?
Build info: version: '3.0.1', revision: '1969d75', time: '2016-10-18 09:49:13 -0700'
System info: host: 'User-PC', ip: '192.168.1.3', os.name: 'Windows 7', os.arch: 'amd64', os.version: '6.1', java.version: '1.8.0_111'
Driver info: driver.version: RemoteWebDriver]</td></tr>
<tr><td>Webelement --> 'cashkaro.joinNowPage.joinFreeFullNameTxt' was not found in the page.Error --> 'Session ID is null. Using WebDriver after calling quit()?
Build info: version: '3.0.1', revision: '1969d75', time: '2016-10-18 09:49:13 -0700'
System info: host: 'User-PC', ip: '192.168.1.3', os.name: 'Windows 7', os.arch: 'amd64', os.version: '6.1', java.version: '1.8.0_111'
Driver info: driver.version: RemoteWebDriver</td></tr>
<tr><td>Text --> 'Li Ma' not entered in text field --> 'cashkaro.joinNowPage.joinFreeFullNameTxt'.Error -null</td></tr>
<tr><td>From listner - The test failed out [TestResult name=testTheLogin status=FAILURE method=testJoinFree.testTheLogin(java.lang.String, java.lang.String, java.lang.String)[pri:0, instance:com.cashkaro.testScripts.testJoinFree@5123a213] output=Webelement --> 'cashkaro.joinNowPage.joinFreeFullNameTxt' was not found in the page.Error --> 'Session ID is null. Using WebDriver after calling quit()?
Build info: version: '3.0.1', revision: '1969d75', time: '2016-10-18 09:49:13 -0700'
System info: host: 'User-PC', ip: '192.168.1.3', os.name: 'Windows 7', os.arch: 'amd64', os.version: '6.1', java.version: '1.8.0_111'
Driver info: driver.version: RemoteWebDriver]</td></tr>
<tr><td>From listner - The test failed out [TestResult name=testTheLogin status=FAILURE method=testJoinFree.testTheLogin(java.lang.String, java.lang.String, java.lang.String)[pri:0, instance:com.cashkaro.testScripts.testJoinFree@5123a213] output=Webelement --> 'cashkaro.joinNowPage.joinFreeFullNameTxt' was not found in the page.Error --> 'Session ID is null. Using WebDriver after calling quit()?
Build info: version: '3.0.1', revision: '1969d75', time: '2016-10-18 09:49:13 -0700'
System info: host: 'User-PC', ip: '192.168.1.3', os.name: 'Windows 7', os.arch: 'amd64', os.version: '6.1', java.version: '1.8.0_111'
Driver info: driver.version: RemoteWebDriver]</td></tr>
<tr><td>Webelement --> 'cashkaro.joinNowPage.joinFreeFullNameTxt' was not found in the page.Error --> 'Session ID is null. Using WebDriver after calling quit()?
Build info: version: '3.0.1', revision: '1969d75', time: '2016-10-18 09:49:13 -0700'
System info: host: 'User-PC', ip: '192.168.1.3', os.name: 'Windows 7', os.arch: 'amd64', os.version: '6.1', java.version: '1.8.0_111'
Driver info: driver.version: RemoteWebDriver</td></tr>
<tr><td>Text --> 'Rin John' not entered in text field --> 'cashkaro.joinNowPage.joinFreeFullNameTxt'.Error -null</td></tr>
<tr><td>From listner - The test failed out [TestResult name=testTheLogin status=FAILURE method=testJoinFree.testTheLogin(java.lang.String, java.lang.String, java.lang.String)[pri:0, instance:com.cashkaro.testScripts.testJoinFree@5123a213] output=Webelement --> 'cashkaro.joinNowPage.joinFreeFullNameTxt' was not found in the page.Error --> 'Session ID is null. Using WebDriver after calling quit()?
Build info: version: '3.0.1', revision: '1969d75', time: '2016-10-18 09:49:13 -0700'
System info: host: 'User-PC', ip: '192.168.1.3', os.name: 'Windows 7', os.arch: 'amd64', os.version: '6.1', java.version: '1.8.0_111'
Driver info: driver.version: RemoteWebDriver]</td></tr>
<tr><td>From listner - The test failed out [TestResult name=testTheLogin status=FAILURE method=testJoinFree.testTheLogin(java.lang.String, java.lang.String, java.lang.String)[pri:0, instance:com.cashkaro.testScripts.testJoinFree@5123a213] output=Webelement --> 'cashkaro.joinNowPage.joinFreeFullNameTxt' was not found in the page.Error --> 'Session ID is null. Using WebDriver after calling quit()?
Build info: version: '3.0.1', revision: '1969d75', time: '2016-10-18 09:49:13 -0700'
System info: host: 'User-PC', ip: '192.168.1.3', os.name: 'Windows 7', os.arch: 'amd64', os.version: '6.1', java.version: '1.8.0_111'
Driver info: driver.version: RemoteWebDriver]</td></tr>
<tr><td>Webelement --> 'cashkaro.joinNowPage.joinFreeFullNameTxt' was not found in the page.Error --> 'Session ID is null. Using WebDriver after calling quit()?
Build info: version: '3.0.1', revision: '1969d75', time: '2016-10-18 09:49:13 -0700'
System info: host: 'User-PC', ip: '192.168.1.3', os.name: 'Windows 7', os.arch: 'amd64', os.version: '6.1', java.version: '1.8.0_111'
Driver info: driver.version: RemoteWebDriver</td></tr>
<tr><td>Text --> 'Rem John' not entered in text field --> 'cashkaro.joinNowPage.joinFreeFullNameTxt'.Error -null</td></tr>
<tr><td>From listner - The test failed out [TestResult name=testTheLogin status=FAILURE method=testJoinFree.testTheLogin(java.lang.String, java.lang.String, java.lang.String)[pri:0, instance:com.cashkaro.testScripts.testJoinFree@5123a213] output=Webelement --> 'cashkaro.joinNowPage.joinFreeFullNameTxt' was not found in the page.Error --> 'Session ID is null. Using WebDriver after calling quit()?
Build info: version: '3.0.1', revision: '1969d75', time: '2016-10-18 09:49:13 -0700'
System info: host: 'User-PC', ip: '192.168.1.3', os.name: 'Windows 7', os.arch: 'amd64', os.version: '6.1', java.version: '1.8.0_111'
Driver info: driver.version: RemoteWebDriver]</td></tr>
<tr><td>From listner - The test failed out [TestResult name=testTheLogin status=FAILURE method=testJoinFree.testTheLogin(java.lang.String, java.lang.String, java.lang.String)[pri:0, instance:com.cashkaro.testScripts.testJoinFree@5123a213] output=Webelement --> 'cashkaro.joinNowPage.joinFreeFullNameTxt' was not found in the page.Error --> 'Session ID is null. Using WebDriver after calling quit()?
Build info: version: '3.0.1', revision: '1969d75', time: '2016-10-18 09:49:13 -0700'
System info: host: 'User-PC', ip: '192.168.1.3', os.name: 'Windows 7', os.arch: 'amd64', os.version: '6.1', java.version: '1.8.0_111'
Driver info: driver.version: RemoteWebDriver]</td></tr>
<tr><td>Webelement --> 'cashkaro.joinNowPage.joinFreeFullNameTxt' was not found in the page.Error --> 'Session ID is null. Using WebDriver after calling quit()?
Build info: version: '3.0.1', revision: '1969d75', time: '2016-10-18 09:49:13 -0700'
System info: host: 'User-PC', ip: '192.168.1.3', os.name: 'Windows 7', os.arch: 'amd64', os.version: '6.1', java.version: '1.8.0_111'
Driver info: driver.version: RemoteWebDriver</td></tr>
<tr><td>Text --> 'VALID Rem ' not entered in text field --> 'cashkaro.joinNowPage.joinFreeFullNameTxt'.Error -null</td></tr>
<tr><td>From listner - The test failed out [TestResult name=testTheLogin status=FAILURE method=testJoinFree.testTheLogin(java.lang.String, java.lang.String, java.lang.String)[pri:0, instance:com.cashkaro.testScripts.testJoinFree@5123a213] output=Webelement --> 'cashkaro.joinNowPage.joinFreeFullNameTxt' was not found in the page.Error --> 'Session ID is null. Using WebDriver after calling quit()?
Build info: version: '3.0.1', revision: '1969d75', time: '2016-10-18 09:49:13 -0700'
System info: host: 'User-PC', ip: '192.168.1.3', os.name: 'Windows 7', os.arch: 'amd64', os.version: '6.1', java.version: '1.8.0_111'
Driver info: driver.version: RemoteWebDriver]</td></tr>
<tr><td>From listner - The test failed out [TestResult name=testTheLogin status=FAILURE method=testJoinFree.testTheLogin(java.lang.String, java.lang.String, java.lang.String)[pri:0, instance:com.cashkaro.testScripts.testJoinFree@5123a213] output=Webelement --> 'cashkaro.joinNowPage.joinFreeFullNameTxt' was not found in the page.Error --> 'Session ID is null. Using WebDriver after calling quit()?
Build info: version: '3.0.1', revision: '1969d75', time: '2016-10-18 09:49:13 -0700'
System info: host: 'User-PC', ip: '192.168.1.3', os.name: 'Windows 7', os.arch: 'amd64', os.version: '6.1', java.version: '1.8.0_111'
Driver info: driver.version: RemoteWebDriver]</td></tr>
<tr><td>From listner - Ending the test org.testng.TestRunner@611df6e3</td></tr>
</table>