<!DOCTYPE html PUBLIC "-//W3C//DTD XHTML 1.1//EN" "http://www.w3.org/TR/xhtml11/DTD/xhtml11.dtd">
<html xmlns="http://www.w3.org/1999/xhtml">
<head>
<title>TestNG:  Unit Test</title>
<style type="text/css">
table caption,table.info_table,table.result,table.passed,table.failed {margin-bottom:10px;border:1px solid #000099;border-collapse:collapse;empty-cells:show;}
table.info_table td,table.info_table th,table.result td,table.result th,table.passed td,table.passed th,table.failed td,table.failed th {
border:1px solid #000099;padding:.25em .5em .25em .5em
}
table.result th {vertical-align:bottom}
tr.param th {padding-left:1em;padding-right:1em}
tr.param td {padding-left:.5em;padding-right:2em}
td.numi,th.numi,td.numi_attn {
text-align:right
}
tr.total td {font-weight:bold}
table caption {
text-align:center;font-weight:bold;
}
table.passed tr.stripe td,table tr.passedodd td {background-color: #00AA00;}
table.passed td,table tr.passedeven td {background-color: #33FF33;}
table.passed tr.stripe td,table tr.skippedodd td {background-color: #cccccc;}
table.passed td,table tr.skippedodd td {background-color: #dddddd;}
table.failed tr.stripe td,table tr.failedodd td,table.result td.numi_attn {background-color: #FF3333;}
table.failed td,table tr.failedeven td,table.result tr.stripe td.numi_attn {background-color: #DD0000;}
tr.stripe td,tr.stripe th {background-color: #E6EBF9;}
p.totop {font-size:85%;text-align:center;border-bottom:2px black solid}
div.shootout {padding:2em;border:3px #4854A8 solid}
</style>
</head>
<body>
<table cellspacing="0" cellpadding="0" class="result">
<tr><th>Test</th><th class="numi">Methods<br/>Passed</th><th class="numi">Scenarios<br/>Passed</th><th class="numi"># skipped</th><th class="numi"># failed</th><th class="numi">Total<br/>Time</th><th class="numi">Included<br/>Groups</th><th class="numi">Excluded<br/>Groups</th></tr>
<tr><td style="text-align:left;padding-right:2em">Forgot Password Tests</td><td class="numi">1</td><td class="numi">1</td><td class="numi_attn">3</td><td class="numi_attn">1</td><td class="numi">13.4 seconds</td><td class="numi"></td><td class="numi"></td></tr>
<tr class="stripe"><td style="text-align:left;padding-right:2em">Login Test</td><td class="numi">0</td><td class="numi">0</td><td class="numi_attn">5</td><td class="numi_attn">1</td><td class="numi">10.3 seconds</td><td class="numi"></td><td class="numi"></td></tr>
<tr><td style="text-align:left;padding-right:2em">Join With Facebook</td><td class="numi">0</td><td class="numi">0</td><td class="numi_attn">4</td><td class="numi_attn">1</td><td class="numi">4.7 seconds</td><td class="numi"></td><td class="numi"></td></tr>
<tr class="stripe"><td style="text-align:left;padding-right:2em">Join Free</td><td class="numi">0</td><td class="numi">0</td><td class="numi_attn">3</td><td class="numi_attn">1</td><td class="numi">12.0 seconds</td><td class="numi"></td><td class="numi"></td></tr>
<tr class="total"><td>Total</td>
<td class="numi">1</td><td class="numi">1</td><td class="numi_attn">15</td><td class="numi_attn">4</td><td class="numi">40.5 seconds</td><td colspan="2">&nbsp;</td></tr>
</table>
<table cellspacing="0" cellpadding="0" class="passed" id="summary">
<tr><th>Class</th><th>Method</th><th># of<br/>Scenarios</th><th>Start</th><th>Time<br/>(ms)</th></tr>
<tr><th colspan="4">Forgot Password Tests &#8212; failed</th></tr>
<tr class="failedodd"><td rowspan="1">com.cashkaro.testScripts.testforgotPassWord</td><td><a href="#m1"><b>openHomePage</b>  </a></td><td class="numi">1</td><td>1523688030050</td><td class="numi">12447</td></tr>
<tr><th colspan="4">Forgot Password Tests &#8212; skipped</th></tr>
<tr class="skippedodd"><td rowspan="3">com.cashkaro.testScripts.testforgotPassWord</td><td><a href="#m2"><b>closeforgotPasswordFrame</b>  </a></td><td class="numi">1</td><td>1523688043442</td><td class="numi">1</td></tr><tr class="skippedodd"><td><a href="#m3"><b>testforgotPasswordFrame</b>  </a></td><td class="numi">1</td><td>1523688043426</td><td class="numi">0</td></tr><tr class="skippedodd"><td><a href="#m4"><b>openForgotPasswordFrame</b>  </a></td><td class="numi">1</td><td>1523688043405</td><td class="numi">0</td></tr>
<tr><th colspan="4">Forgot Password Tests &#8212; passed</th></tr>
<tr class="passedodd"><td rowspan="1">com.cashkaro.testScripts.testforgotPassWord</td><td><a href="#m5"><b>tearPwdDown</b>  </a></td><td class="numi">1</td><td>1523688042658</td><td class="numi">739</td></tr>
<tr><th colspan="4">Login Test &#8212; failed</th></tr>
<tr class="failedodd"><td rowspan="1">com.cashkaro.testScripts.testLogin</td><td><a href="#m6"><b>openHomePage</b>  </a></td><td class="numi">1</td><td>1523688043506</td><td class="numi">10231</td></tr>
<tr><th colspan="4">Login Test &#8212; skipped</th></tr>
<tr class="skippedodd"><td rowspan="5">com.cashkaro.testScripts.testLogin</td><td><a href="#m7"><b>testTheLogin</b>  </a></td><td class="numi">1</td><td>1523688053798</td><td class="numi">0</td></tr><tr class="skippedodd"><td><a href="#m8"><b>closeSignINFrame</b>  </a></td><td class="numi">1</td><td>1523688053813</td><td class="numi">0</td></tr><tr class="skippedodd"><td><a href="#m9"><b>validSignINFrame</b>  </a></td><td class="numi">1</td><td>1523688053770</td><td class="numi">0</td></tr><tr class="skippedodd"><td><a href="#m10"><b>tearDown</b>  </a></td><td class="numi">1</td><td>1523688053784</td><td class="numi">0</td></tr><tr class="skippedodd"><td><a href="#m11"><b>openSignInPage</b>  </a></td><td class="numi">1</td><td>1523688053755</td><td class="numi">0</td></tr>
<tr><th colspan="4">Join With Facebook &#8212; failed</th></tr>
<tr class="failedodd"><td rowspan="1">com.cashkaro.testScripts.testJoinWithFaceBook</td><td><a href="#m12"><b>openHomePage</b>  </a></td><td class="numi">1</td><td>1523688053832</td><td class="numi">4648</td></tr>
<tr><th colspan="4">Join With Facebook &#8212; skipped</th></tr>
<tr class="skippedodd"><td rowspan="4">com.cashkaro.testScripts.testJoinWithFaceBook</td><td><a href="#m13"><b>openJoinFreePage</b>  </a></td><td class="numi">1</td><td>1523688058495</td><td class="numi">0</td></tr><tr class="skippedodd"><td><a href="#m14"><b>openJoinFB</b>  </a></td><td class="numi">1</td><td>1523688058514</td><td class="numi">0</td></tr><tr class="skippedodd"><td><a href="#m15"><b>validateFBLinks</b>  </a></td><td class="numi">1</td><td>1523688058528</td><td class="numi">0</td></tr><tr class="skippedodd"><td><a href="#m16"><b>tearDown</b>  </a></td><td class="numi">1</td><td>1523688058546</td><td class="numi">0</td></tr>
<tr><th colspan="4">Join Free &#8212; failed</th></tr>
<tr class="failedodd"><td rowspan="1">com.cashkaro.testScripts.testJoinFree</td><td><a href="#m17"><b>openHomePage</b>  </a></td><td class="numi">1</td><td>1523688058568</td><td class="numi">11924</td></tr>
<tr><th colspan="4">Join Free &#8212; skipped</th></tr>
<tr class="skippedodd"><td rowspan="3">com.cashkaro.testScripts.testJoinFree</td><td><a href="#m18"><b>tearDown</b>  </a></td><td class="numi">1</td><td>1523688070528</td><td class="numi">0</td></tr><tr class="skippedodd"><td><a href="#m19"><b>openJoinFreePage</b>  </a></td><td class="numi">1</td><td>1523688070513</td><td class="numi">0</td></tr><tr class="skippedodd"><td><a href="#m20"><b>testTheLogin</b>  </a></td><td class="numi">1</td><td>1523688070544</td><td class="numi">0</td></tr>
</table>
<h1>Forgot Password Tests</h1>
<h2 id="m1">com.cashkaro.testScripts.testforgotPassWord:openHomePage</h2>
<div style="padding-left:3em">
<h3>Test Messages</h3>
From listner - The test failed out [TestResult name=openHomePage status=FAILURE method=testforgotPassWord.openHomePage()[pri:0, instance:com.cashkaro.testScripts.testforgotPassWord@150c158] output={null}]<br/>
From listner - The test failed out [TestResult name=openHomePage status=FAILURE method=testforgotPassWord.openHomePage()[pri:0, instance:com.cashkaro.testScripts.testforgotPassWord@150c158] output=From listner - The test failed out [TestResult name=openHomePage status=FAILURE method=testforgotPassWord.openHomePage()[pri:0, instance:com.cashkaro.testScripts.testforgotPassWord@150c158] output={null}]]<br/>
<h3>Failure</h3>
<p>unknown error: cannot get automation extension
from unknown error: page could not be found: chrome-extension://aapnijgdinlhnhlmodcfapnahmbfebeb/_generated_background_page.html
  (Session info: chrome=65.0.3325.181)
  (Driver info: chromedriver=2.25.426923 (0390b88869384d6eb0d5d09729679f934aab9eed),platform=Windows NT 10.0.16299 x86_64) (WARNING: The server did not provide any stacktrace information)
Command duration or timeout: 10.06 seconds
Build info: version: &apos;3.0.1&apos;, revision: &apos;1969d75&apos;, time: &apos;2016-10-18 09:49:13 -0700&apos;
System info: host: &apos;LAPTOP-3US0J0PL&apos;, ip: &apos;192.168.1.2&apos;, os.name: &apos;Windows 10&apos;, os.arch: &apos;amd64&apos;, os.version: &apos;10.0&apos;, java.version: &apos;1.8.0_161&apos;
Driver info: org.openqa.selenium.chrome.ChromeDriver
Capabilities [{applicationCacheEnabled=false, rotatable=false, mobileEmulationEnabled=false, networkConnectionEnabled=false, chrome={chromedriverVersion=2.25.426923 (0390b88869384d6eb0d5d09729679f934aab9eed), userDataDir=C:\Users\riju\AppData\Local\Temp\scoped_dir12008_25687}, takesHeapSnapshot=true, pageLoadStrategy=normal, databaseEnabled=false, handlesAlerts=true, hasTouchScreen=false, version=65.0.3325.181, platform=XP, browserConnectionEnabled=false, nativeEvents=true, acceptSslCerts=true, locationContextEnabled=true, webStorageEnabled=true, browserName=chrome, takesScreenshot=true, javascriptEnabled=true, cssSelectorsEnabled=true}]
Session ID: d2f6b0955230b3c76112d2e4043eed90</p>
sun.reflect.NativeConstructorAccessorImpl.newInstance0(Native Method)
<br/>at sun.reflect.NativeConstructorAccessorImpl.newInstance(NativeConstructorAccessorImpl.java:62)
<br/>at sun.reflect.DelegatingConstructorAccessorImpl.newInstance(DelegatingConstructorAccessorImpl.java:45)
<br/>at java.lang.reflect.Constructor.newInstance(Constructor.java:423)
<br/>at org.openqa.selenium.remote.ErrorHandler.createThrowable(ErrorHandler.java:216)
<br/>at org.openqa.selenium.remote.ErrorHandler.throwIfResponseFailed(ErrorHandler.java:168)
<br/>at org.openqa.selenium.remote.RemoteWebDriver.execute(RemoteWebDriver.java:635)
<br/>at org.openqa.selenium.remote.RemoteWebDriver.execute(RemoteWebDriver.java:658)
<br/>at org.openqa.selenium.remote.RemoteWebDriver$RemoteWebDriverOptions$RemoteWindow.maximize(RemoteWebDriver.java:882)
<br/>at com.cashkaro.testutil.Utils.selectBrowser(Utils.java:80)
<br/>at com.cashkaro.testbase.TestBase.init(TestBase.java:34)
<br/>at com.cashkaro.testScripts.testforgotPassWord.openHomePage(testforgotPassWord.java:29)
<br/>28 lines not shown
</div>
<p class="totop"><a href="#summary">back to summary</a></p>
<h2 id="m2">com.cashkaro.testScripts.testforgotPassWord:closeforgotPasswordFrame</h2>
<p class="totop"><a href="#summary">back to summary</a></p>
<h2 id="m3">com.cashkaro.testScripts.testforgotPassWord:testforgotPasswordFrame</h2>
<p class="totop"><a href="#summary">back to summary</a></p>
<h2 id="m4">com.cashkaro.testScripts.testforgotPassWord:openForgotPasswordFrame</h2>
<p class="totop"><a href="#summary">back to summary</a></p>
<h2 id="m5">com.cashkaro.testScripts.testforgotPassWord:tearPwdDown</h2>
<div style="padding-left:3em">
Close browser error<br/>
</div>
<p class="totop"><a href="#summary">back to summary</a></p>
<h1>Login Test</h1>
<h2 id="m6">com.cashkaro.testScripts.testLogin:openHomePage</h2>
<div style="padding-left:3em">
<h3>Test Messages</h3>
From listner - The test failed out [TestResult name=openHomePage status=FAILURE method=testLogin.openHomePage()[pri:0, instance:com.cashkaro.testScripts.testLogin@27d415d9] output={null}]<br/>
From listner - The test failed out [TestResult name=openHomePage status=FAILURE method=testLogin.openHomePage()[pri:0, instance:com.cashkaro.testScripts.testLogin@27d415d9] output=From listner - The test failed out [TestResult name=openHomePage status=FAILURE method=testLogin.openHomePage()[pri:0, instance:com.cashkaro.testScripts.testLogin@27d415d9] output={null}]]<br/>
<h3>Failure</h3>
<p>unknown error: cannot get automation extension
from chrome not reachable
  (Session info: chrome=65.0.3325.181)
  (Driver info: chromedriver=2.25.426923 (0390b88869384d6eb0d5d09729679f934aab9eed),platform=Windows NT 10.0.16299 x86_64) (WARNING: The server did not provide any stacktrace information)
Command duration or timeout: 8.35 seconds
Build info: version: &apos;3.0.1&apos;, revision: &apos;1969d75&apos;, time: &apos;2016-10-18 09:49:13 -0700&apos;
System info: host: &apos;LAPTOP-3US0J0PL&apos;, ip: &apos;192.168.1.2&apos;, os.name: &apos;Windows 10&apos;, os.arch: &apos;amd64&apos;, os.version: &apos;10.0&apos;, java.version: &apos;1.8.0_161&apos;
Driver info: org.openqa.selenium.chrome.ChromeDriver
Capabilities [{applicationCacheEnabled=false, rotatable=false, mobileEmulationEnabled=false, networkConnectionEnabled=false, chrome={chromedriverVersion=2.25.426923 (0390b88869384d6eb0d5d09729679f934aab9eed), userDataDir=C:\Users\riju\AppData\Local\Temp\scoped_dir5288_17302}, takesHeapSnapshot=true, pageLoadStrategy=normal, databaseEnabled=false, handlesAlerts=true, hasTouchScreen=false, version=65.0.3325.181, platform=XP, browserConnectionEnabled=false, nativeEvents=true, acceptSslCerts=true, locationContextEnabled=true, webStorageEnabled=true, browserName=chrome, takesScreenshot=true, javascriptEnabled=true, cssSelectorsEnabled=true}]
Session ID: 1230d41f6e6939e2cdc37cd50c65dc25</p>
sun.reflect.NativeConstructorAccessorImpl.newInstance0(Native Method)
<br/>at sun.reflect.NativeConstructorAccessorImpl.newInstance(NativeConstructorAccessorImpl.java:62)
<br/>at sun.reflect.DelegatingConstructorAccessorImpl.newInstance(DelegatingConstructorAccessorImpl.java:45)
<br/>at java.lang.reflect.Constructor.newInstance(Constructor.java:423)
<br/>at org.openqa.selenium.remote.ErrorHandler.createThrowable(ErrorHandler.java:216)
<br/>at org.openqa.selenium.remote.ErrorHandler.throwIfResponseFailed(ErrorHandler.java:168)
<br/>at org.openqa.selenium.remote.RemoteWebDriver.execute(RemoteWebDriver.java:635)
<br/>at org.openqa.selenium.remote.RemoteWebDriver.execute(RemoteWebDriver.java:658)
<br/>at org.openqa.selenium.remote.RemoteWebDriver$RemoteWebDriverOptions$RemoteWindow.maximize(RemoteWebDriver.java:882)
<br/>at com.cashkaro.testutil.Utils.selectBrowser(Utils.java:80)
<br/>at com.cashkaro.testbase.TestBase.init(TestBase.java:34)
<br/>at com.cashkaro.testScripts.testLogin.openHomePage(testLogin.java:25)
<br/>28 lines not shown
</div>
<p class="totop"><a href="#summary">back to summary</a></p>
<h2 id="m7">com.cashkaro.testScripts.testLogin:testTheLogin</h2>
<p class="totop"><a href="#summary">back to summary</a></p>
<h2 id="m8">com.cashkaro.testScripts.testLogin:closeSignINFrame</h2>
<p class="totop"><a href="#summary">back to summary</a></p>
<h2 id="m9">com.cashkaro.testScripts.testLogin:validSignINFrame</h2>
<p class="totop"><a href="#summary">back to summary</a></p>
<h2 id="m10">com.cashkaro.testScripts.testLogin:tearDown</h2>
<p class="totop"><a href="#summary">back to summary</a></p>
<h2 id="m11">com.cashkaro.testScripts.testLogin:openSignInPage</h2>
<p class="totop"><a href="#summary">back to summary</a></p>
<h1>Join With Facebook</h1>
<h2 id="m12">com.cashkaro.testScripts.testJoinWithFaceBook:openHomePage</h2>
<div style="padding-left:3em">
<h3>Test Messages</h3>
From listner - The test failed out [TestResult name=openHomePage status=FAILURE method=testJoinWithFaceBook.openHomePage()[pri:0, instance:com.cashkaro.testScripts.testJoinWithFaceBook@5d11346a] output={null}]<br/>
From listner - The test failed out [TestResult name=openHomePage status=FAILURE method=testJoinWithFaceBook.openHomePage()[pri:0, instance:com.cashkaro.testScripts.testJoinWithFaceBook@5d11346a] output=From listner - The test failed out [TestResult name=openHomePage status=FAILURE method=testJoinWithFaceBook.openHomePage()[pri:0, instance:com.cashkaro.testScripts.testJoinWithFaceBook@5d11346a] output={null}]]<br/>
<h3>Failure</h3>
<p>unknown error: cannot get automation extension
from chrome not reachable
  (Session info: chrome=65.0.3325.181)
  (Driver info: chromedriver=2.25.426923 (0390b88869384d6eb0d5d09729679f934aab9eed),platform=Windows NT 10.0.16299 x86_64) (WARNING: The server did not provide any stacktrace information)
Command duration or timeout: 2.76 seconds
Build info: version: &apos;3.0.1&apos;, revision: &apos;1969d75&apos;, time: &apos;2016-10-18 09:49:13 -0700&apos;
System info: host: &apos;LAPTOP-3US0J0PL&apos;, ip: &apos;192.168.1.2&apos;, os.name: &apos;Windows 10&apos;, os.arch: &apos;amd64&apos;, os.version: &apos;10.0&apos;, java.version: &apos;1.8.0_161&apos;
Driver info: org.openqa.selenium.chrome.ChromeDriver
Capabilities [{applicationCacheEnabled=false, rotatable=false, mobileEmulationEnabled=false, networkConnectionEnabled=false, chrome={chromedriverVersion=2.25.426923 (0390b88869384d6eb0d5d09729679f934aab9eed), userDataDir=C:\Users\riju\AppData\Local\Temp\scoped_dir1408_26816}, takesHeapSnapshot=true, pageLoadStrategy=normal, databaseEnabled=false, handlesAlerts=true, hasTouchScreen=false, version=65.0.3325.181, platform=XP, browserConnectionEnabled=false, nativeEvents=true, acceptSslCerts=true, locationContextEnabled=true, webStorageEnabled=true, browserName=chrome, takesScreenshot=true, javascriptEnabled=true, cssSelectorsEnabled=true}]
Session ID: f78f330f962a8f2069de44ecc00051bc</p>
sun.reflect.NativeConstructorAccessorImpl.newInstance0(Native Method)
<br/>at sun.reflect.NativeConstructorAccessorImpl.newInstance(NativeConstructorAccessorImpl.java:62)
<br/>at sun.reflect.DelegatingConstructorAccessorImpl.newInstance(DelegatingConstructorAccessorImpl.java:45)
<br/>at java.lang.reflect.Constructor.newInstance(Constructor.java:423)
<br/>at org.openqa.selenium.remote.ErrorHandler.createThrowable(ErrorHandler.java:216)
<br/>at org.openqa.selenium.remote.ErrorHandler.throwIfResponseFailed(ErrorHandler.java:168)
<br/>at org.openqa.selenium.remote.RemoteWebDriver.execute(RemoteWebDriver.java:635)
<br/>at org.openqa.selenium.remote.RemoteWebDriver.execute(RemoteWebDriver.java:658)
<br/>at org.openqa.selenium.remote.RemoteWebDriver$RemoteWebDriverOptions$RemoteWindow.maximize(RemoteWebDriver.java:882)
<br/>at com.cashkaro.testutil.Utils.selectBrowser(Utils.java:80)
<br/>at com.cashkaro.testbase.TestBase.init(TestBase.java:34)
<br/>at com.cashkaro.testScripts.testJoinWithFaceBook.openHomePage(testJoinWithFaceBook.java:31)
<br/>28 lines not shown
</div>
<p class="totop"><a href="#summary">back to summary</a></p>
<h2 id="m13">com.cashkaro.testScripts.testJoinWithFaceBook:openJoinFreePage</h2>
<p class="totop"><a href="#summary">back to summary</a></p>
<h2 id="m14">com.cashkaro.testScripts.testJoinWithFaceBook:openJoinFB</h2>
<p class="totop"><a href="#summary">back to summary</a></p>
<h2 id="m15">com.cashkaro.testScripts.testJoinWithFaceBook:validateFBLinks</h2>
<p class="totop"><a href="#summary">back to summary</a></p>
<h2 id="m16">com.cashkaro.testScripts.testJoinWithFaceBook:tearDown</h2>
<p class="totop"><a href="#summary">back to summary</a></p>
<h1>Join Free</h1>
<h2 id="m17">com.cashkaro.testScripts.testJoinFree:openHomePage</h2>
<div style="padding-left:3em">
<h3>Test Messages</h3>
From listner - The test failed out [TestResult name=openHomePage status=FAILURE method=testJoinFree.openHomePage()[pri:0, instance:com.cashkaro.testScripts.testJoinFree@6dde5c8c] output={null}]<br/>
From listner - The test failed out [TestResult name=openHomePage status=FAILURE method=testJoinFree.openHomePage()[pri:0, instance:com.cashkaro.testScripts.testJoinFree@6dde5c8c] output=From listner - The test failed out [TestResult name=openHomePage status=FAILURE method=testJoinFree.openHomePage()[pri:0, instance:com.cashkaro.testScripts.testJoinFree@6dde5c8c] output={null}]]<br/>
<h3>Failure</h3>
<p>unknown error: cannot get automation extension
from unknown error: page could not be found: chrome-extension://aapnijgdinlhnhlmodcfapnahmbfebeb/_generated_background_page.html
  (Session info: chrome=65.0.3325.181)
  (Driver info: chromedriver=2.25.426923 (0390b88869384d6eb0d5d09729679f934aab9eed),platform=Windows NT 10.0.16299 x86_64) (WARNING: The server did not provide any stacktrace information)
Command duration or timeout: 10.06 seconds
Build info: version: &apos;3.0.1&apos;, revision: &apos;1969d75&apos;, time: &apos;2016-10-18 09:49:13 -0700&apos;
System info: host: &apos;LAPTOP-3US0J0PL&apos;, ip: &apos;192.168.1.2&apos;, os.name: &apos;Windows 10&apos;, os.arch: &apos;amd64&apos;, os.version: &apos;10.0&apos;, java.version: &apos;1.8.0_161&apos;
Driver info: org.openqa.selenium.chrome.ChromeDriver
Capabilities [{applicationCacheEnabled=false, rotatable=false, mobileEmulationEnabled=false, networkConnectionEnabled=false, chrome={chromedriverVersion=2.25.426923 (0390b88869384d6eb0d5d09729679f934aab9eed), userDataDir=C:\Users\riju\AppData\Local\Temp\scoped_dir10488_8244}, takesHeapSnapshot=true, pageLoadStrategy=normal, databaseEnabled=false, handlesAlerts=true, hasTouchScreen=false, version=65.0.3325.181, platform=XP, browserConnectionEnabled=false, nativeEvents=true, acceptSslCerts=true, locationContextEnabled=true, webStorageEnabled=true, browserName=chrome, takesScreenshot=true, javascriptEnabled=true, cssSelectorsEnabled=true}]
Session ID: 4e15b685c9063c773f3a06099da3e2eb</p>
sun.reflect.NativeConstructorAccessorImpl.newInstance0(Native Method)
<br/>at sun.reflect.NativeConstructorAccessorImpl.newInstance(NativeConstructorAccessorImpl.java:62)
<br/>at sun.reflect.DelegatingConstructorAccessorImpl.newInstance(DelegatingConstructorAccessorImpl.java:45)
<br/>at java.lang.reflect.Constructor.newInstance(Constructor.java:423)
<br/>at org.openqa.selenium.remote.ErrorHandler.createThrowable(ErrorHandler.java:216)
<br/>at org.openqa.selenium.remote.ErrorHandler.throwIfResponseFailed(ErrorHandler.java:168)
<br/>at org.openqa.selenium.remote.RemoteWebDriver.execute(RemoteWebDriver.java:635)
<br/>at org.openqa.selenium.remote.RemoteWebDriver.execute(RemoteWebDriver.java:658)
<br/>at org.openqa.selenium.remote.RemoteWebDriver$RemoteWebDriverOptions$RemoteWindow.maximize(RemoteWebDriver.java:882)
<br/>at com.cashkaro.testutil.Utils.selectBrowser(Utils.java:80)
<br/>at com.cashkaro.testbase.TestBase.init(TestBase.java:34)
<br/>at com.cashkaro.testScripts.testJoinFree.openHomePage(testJoinFree.java:25)
<br/>28 lines not shown
</div>
<p class="totop"><a href="#summary">back to summary</a></p>
<h2 id="m18">com.cashkaro.testScripts.testJoinFree:tearDown</h2>
<p class="totop"><a href="#summary">back to summary</a></p>
<h2 id="m19">com.cashkaro.testScripts.testJoinFree:openJoinFreePage</h2>
<p class="totop"><a href="#summary">back to summary</a></p>
<h2 id="m20">com.cashkaro.testScripts.testJoinFree:testTheLogin</h2>
<p class="totop"><a href="#summary">back to summary</a></p>
</body></html>
