<?xml version="1.0" encoding="UTF-8"?>
<testng-results skipped="15" failed="4" total="20" passed="1">
  <reporter-output>
    <line>
      <![CDATA[From listner - Starting the test org.testng.TestRunner@4516af24]]>
    </line>
    <line>
      <![CDATA[From listner - The test failed out [TestResult name=openHomePage status=FAILURE method=testforgotPassWord.openHomePage()[pri:0, instance:com.cashkaro.testScripts.testforgotPassWord@150c158] output={null}]]]>
    </line>
    <line>
      <![CDATA[From listner - The test failed out [TestResult name=openHomePage status=FAILURE method=testforgotPassWord.openHomePage()[pri:0, instance:com.cashkaro.testScripts.testforgotPassWord@150c158] output=From listner - The test failed out [TestResult name=openHomePage status=FAILURE method=testforgotPassWord.openHomePage()[pri:0, instance:com.cashkaro.testScripts.testforgotPassWord@150c158] output={null}]]]]>
    </line>
    <line>
      <![CDATA[Close browser error]]>
    </line>
    <line>
      <![CDATA[From listner - The test failed out [TestResult name=openForgotPasswordFrame status=SKIP method=testforgotPassWord.openForgotPasswordFrame()[pri:0, instance:com.cashkaro.testScripts.testforgotPassWord@150c158] output={null}]]]>
    </line>
    <line>
      <![CDATA[From listner - The test failed out [TestResult name=testforgotPasswordFrame status=SKIP method=testforgotPassWord.testforgotPasswordFrame(java.lang.String, java.lang.String)[pri:0, instance:com.cashkaro.testScripts.testforgotPassWord@150c158] output={null}]]]>
    </line>
    <line>
      <![CDATA[From listner - The test failed out [TestResult name=closeforgotPasswordFrame status=SKIP method=testforgotPassWord.closeforgotPasswordFrame()[pri:0, instance:com.cashkaro.testScripts.testforgotPassWord@150c158] output={null}]]]>
    </line>
    <line>
      <![CDATA[From listner - Ending the test org.testng.TestRunner@4516af24]]>
    </line>
    <line>
      <![CDATA[From listner - Starting the test org.testng.TestRunner@134d26af]]>
    </line>
    <line>
      <![CDATA[From listner - The test failed out [TestResult name=openHomePage status=FAILURE method=testLogin.openHomePage()[pri:0, instance:com.cashkaro.testScripts.testLogin@27d415d9] output={null}]]]>
    </line>
    <line>
      <![CDATA[From listner - The test failed out [TestResult name=openHomePage status=FAILURE method=testLogin.openHomePage()[pri:0, instance:com.cashkaro.testScripts.testLogin@27d415d9] output=From listner - The test failed out [TestResult name=openHomePage status=FAILURE method=testLogin.openHomePage()[pri:0, instance:com.cashkaro.testScripts.testLogin@27d415d9] output={null}]]]]>
    </line>
    <line>
      <![CDATA[From listner - The test failed out [TestResult name=openSignInPage status=SKIP method=testLogin.openSignInPage()[pri:0, instance:com.cashkaro.testScripts.testLogin@27d415d9] output={null}]]]>
    </line>
    <line>
      <![CDATA[From listner - The test failed out [TestResult name=validSignINFrame status=SKIP method=testLogin.validSignINFrame(java.lang.String, java.lang.String, java.lang.String)[pri:0, instance:com.cashkaro.testScripts.testLogin@27d415d9] output={null}]]]>
    </line>
    <line>
      <![CDATA[From listner - The test failed out [TestResult name=tearDown status=SKIP method=testLogin.tearDown()[pri:0, instance:com.cashkaro.testScripts.testLogin@27d415d9] output={null}]]]>
    </line>
    <line>
      <![CDATA[From listner - The test failed out [TestResult name=testTheLogin status=SKIP method=testLogin.testTheLogin(java.lang.String, java.lang.String, java.lang.String)[pri:0, instance:com.cashkaro.testScripts.testLogin@27d415d9] output={null}]]]>
    </line>
    <line>
      <![CDATA[From listner - The test failed out [TestResult name=closeSignINFrame status=SKIP method=testLogin.closeSignINFrame()[pri:0, instance:com.cashkaro.testScripts.testLogin@27d415d9] output={null}]]]>
    </line>
    <line>
      <![CDATA[From listner - Ending the test org.testng.TestRunner@134d26af]]>
    </line>
    <line>
      <![CDATA[From listner - Starting the test org.testng.TestRunner@6187d1f5]]>
    </line>
    <line>
      <![CDATA[From listner - The test failed out [TestResult name=openHomePage status=FAILURE method=testJoinWithFaceBook.openHomePage()[pri:0, instance:com.cashkaro.testScripts.testJoinWithFaceBook@5d11346a] output={null}]]]>
    </line>
    <line>
      <![CDATA[From listner - The test failed out [TestResult name=openHomePage status=FAILURE method=testJoinWithFaceBook.openHomePage()[pri:0, instance:com.cashkaro.testScripts.testJoinWithFaceBook@5d11346a] output=From listner - The test failed out [TestResult name=openHomePage status=FAILURE method=testJoinWithFaceBook.openHomePage()[pri:0, instance:com.cashkaro.testScripts.testJoinWithFaceBook@5d11346a] output={null}]]]]>
    </line>
    <line>
      <![CDATA[From listner - The test failed out [TestResult name=openJoinFreePage status=SKIP method=testJoinWithFaceBook.openJoinFreePage()[pri:0, instance:com.cashkaro.testScripts.testJoinWithFaceBook@5d11346a] output={null}]]]>
    </line>
    <line>
      <![CDATA[From listner - The test failed out [TestResult name=openJoinFB status=SKIP method=testJoinWithFaceBook.openJoinFB()[pri:0, instance:com.cashkaro.testScripts.testJoinWithFaceBook@5d11346a] output={null}]]]>
    </line>
    <line>
      <![CDATA[From listner - The test failed out [TestResult name=validateFBLinks status=SKIP method=testJoinWithFaceBook.validateFBLinks()[pri:0, instance:com.cashkaro.testScripts.testJoinWithFaceBook@5d11346a] output={null}]]]>
    </line>
    <line>
      <![CDATA[From listner - The test failed out [TestResult name=tearDown status=SKIP method=testJoinWithFaceBook.tearDown()[pri:0, instance:com.cashkaro.testScripts.testJoinWithFaceBook@5d11346a] output={null}]]]>
    </line>
    <line>
      <![CDATA[From listner - Ending the test org.testng.TestRunner@6187d1f5]]>
    </line>
    <line>
      <![CDATA[From listner - Starting the test org.testng.TestRunner@2a898881]]>
    </line>
    <line>
      <![CDATA[From listner - The test failed out [TestResult name=openHomePage status=FAILURE method=testJoinFree.openHomePage()[pri:0, instance:com.cashkaro.testScripts.testJoinFree@6dde5c8c] output={null}]]]>
    </line>
    <line>
      <![CDATA[From listner - The test failed out [TestResult name=openHomePage status=FAILURE method=testJoinFree.openHomePage()[pri:0, instance:com.cashkaro.testScripts.testJoinFree@6dde5c8c] output=From listner - The test failed out [TestResult name=openHomePage status=FAILURE method=testJoinFree.openHomePage()[pri:0, instance:com.cashkaro.testScripts.testJoinFree@6dde5c8c] output={null}]]]]>
    </line>
    <line>
      <![CDATA[From listner - The test failed out [TestResult name=openJoinFreePage status=SKIP method=testJoinFree.openJoinFreePage()[pri:0, instance:com.cashkaro.testScripts.testJoinFree@6dde5c8c] output={null}]]]>
    </line>
    <line>
      <![CDATA[From listner - The test failed out [TestResult name=tearDown status=SKIP method=testJoinFree.tearDown()[pri:0, instance:com.cashkaro.testScripts.testJoinFree@6dde5c8c] output={null}]]]>
    </line>
    <line>
      <![CDATA[From listner - The test failed out [TestResult name=testTheLogin status=SKIP method=testJoinFree.testTheLogin(java.lang.String, java.lang.String, java.lang.String)[pri:0, instance:com.cashkaro.testScripts.testJoinFree@6dde5c8c] output={null}]]]>
    </line>
    <line>
      <![CDATA[From listner - Ending the test org.testng.TestRunner@2a898881]]>
    </line>
  </reporter-output>
  <suite name="cashKaroTests" duration-ms="40516" started-at="2018-04-14T06:40:30Z" finished-at="2018-04-14T06:41:10Z">
    <groups>
    </groups>
    <test name="Forgot Password Tests" duration-ms="13416" started-at="2018-04-14T06:40:30Z" finished-at="2018-04-14T06:40:43Z">
      <class name="com.cashkaro.testScripts.testforgotPassWord">
        <test-method status="FAIL" signature="openHomePage()[pri:0, instance:com.cashkaro.testScripts.testforgotPassWord@150c158]" name="openHomePage" duration-ms="12447" started-at="2018-04-14T12:10:30Z" finished-at="2018-04-14T12:10:42Z">
          <exception class="org.openqa.selenium.WebDriverException">
            <message>
              <![CDATA[unknown error: cannot get automation extension
from unknown error: page could not be found: chrome-extension://aapnijgdinlhnhlmodcfapnahmbfebeb/_generated_background_page.html
  (Session info: chrome=65.0.3325.181)
  (Driver info: chromedriver=2.25.426923 (0390b88869384d6eb0d5d09729679f934aab9eed),platform=Windows NT 10.0.16299 x86_64) (WARNING: The server did not provide any stacktrace information)
Command duration or timeout: 10.06 seconds
Build info: version: '3.0.1', revision: '1969d75', time: '2016-10-18 09:49:13 -0700'
System info: host: 'LAPTOP-3US0J0PL', ip: '192.168.1.2', os.name: 'Windows 10', os.arch: 'amd64', os.version: '10.0', java.version: '1.8.0_161'
Driver info: org.openqa.selenium.chrome.ChromeDriver
Capabilities [{applicationCacheEnabled=false, rotatable=false, mobileEmulationEnabled=false, networkConnectionEnabled=false, chrome={chromedriverVersion=2.25.426923 (0390b88869384d6eb0d5d09729679f934aab9eed), userDataDir=C:\Users\riju\AppData\Local\Temp\scoped_dir12008_25687}, takesHeapSnapshot=true, pageLoadStrategy=normal, databaseEnabled=false, handlesAlerts=true, hasTouchScreen=false, version=65.0.3325.181, platform=XP, browserConnectionEnabled=false, nativeEvents=true, acceptSslCerts=true, locationContextEnabled=true, webStorageEnabled=true, browserName=chrome, takesScreenshot=true, javascriptEnabled=true, cssSelectorsEnabled=true}]
Session ID: d2f6b0955230b3c76112d2e4043eed90]]>
            </message>
            <full-stacktrace>
              <![CDATA[org.openqa.selenium.WebDriverException: unknown error: cannot get automation extension
from unknown error: page could not be found: chrome-extension://aapnijgdinlhnhlmodcfapnahmbfebeb/_generated_background_page.html
  (Session info: chrome=65.0.3325.181)
  (Driver info: chromedriver=2.25.426923 (0390b88869384d6eb0d5d09729679f934aab9eed),platform=Windows NT 10.0.16299 x86_64) (WARNING: The server did not provide any stacktrace information)
Command duration or timeout: 10.06 seconds
Build info: version: '3.0.1', revision: '1969d75', time: '2016-10-18 09:49:13 -0700'
System info: host: 'LAPTOP-3US0J0PL', ip: '192.168.1.2', os.name: 'Windows 10', os.arch: 'amd64', os.version: '10.0', java.version: '1.8.0_161'
Driver info: org.openqa.selenium.chrome.ChromeDriver
Capabilities [{applicationCacheEnabled=false, rotatable=false, mobileEmulationEnabled=false, networkConnectionEnabled=false, chrome={chromedriverVersion=2.25.426923 (0390b88869384d6eb0d5d09729679f934aab9eed), userDataDir=C:\Users\riju\AppData\Local\Temp\scoped_dir12008_25687}, takesHeapSnapshot=true, pageLoadStrategy=normal, databaseEnabled=false, handlesAlerts=true, hasTouchScreen=false, version=65.0.3325.181, platform=XP, browserConnectionEnabled=false, nativeEvents=true, acceptSslCerts=true, locationContextEnabled=true, webStorageEnabled=true, browserName=chrome, takesScreenshot=true, javascriptEnabled=true, cssSelectorsEnabled=true}]
Session ID: d2f6b0955230b3c76112d2e4043eed90
	at sun.reflect.NativeConstructorAccessorImpl.newInstance0(Native Method)
	at sun.reflect.NativeConstructorAccessorImpl.newInstance(NativeConstructorAccessorImpl.java:62)
	at sun.reflect.DelegatingConstructorAccessorImpl.newInstance(DelegatingConstructorAccessorImpl.java:45)
	at java.lang.reflect.Constructor.newInstance(Constructor.java:423)
	at org.openqa.selenium.remote.ErrorHandler.createThrowable(ErrorHandler.java:216)
	at org.openqa.selenium.remote.ErrorHandler.throwIfResponseFailed(ErrorHandler.java:168)
	at org.openqa.selenium.remote.RemoteWebDriver.execute(RemoteWebDriver.java:635)
	at org.openqa.selenium.remote.RemoteWebDriver.execute(RemoteWebDriver.java:658)
	at org.openqa.selenium.remote.RemoteWebDriver$RemoteWebDriverOptions$RemoteWindow.maximize(RemoteWebDriver.java:882)
	at com.cashkaro.testutil.Utils.selectBrowser(Utils.java:80)
	at com.cashkaro.testbase.TestBase.init(TestBase.java:34)
	at com.cashkaro.testScripts.testforgotPassWord.openHomePage(testforgotPassWord.java:29)
	at sun.reflect.NativeMethodAccessorImpl.invoke0(Native Method)
	at sun.reflect.NativeMethodAccessorImpl.invoke(NativeMethodAccessorImpl.java:62)
	at sun.reflect.DelegatingMethodAccessorImpl.invoke(DelegatingMethodAccessorImpl.java:43)
	at java.lang.reflect.Method.invoke(Method.java:498)
	at org.testng.internal.MethodInvocationHelper.invokeMethod(MethodInvocationHelper.java:80)
	at org.testng.internal.Invoker.invokeMethod(Invoker.java:714)
	at org.testng.internal.Invoker.invokeTestMethod(Invoker.java:901)
	at org.testng.internal.Invoker.invokeTestMethods(Invoker.java:1231)
	at org.testng.internal.TestMethodWorker.invokeTestMethods(TestMethodWorker.java:127)
	at org.testng.internal.TestMethodWorker.run(TestMethodWorker.java:111)
	at org.testng.TestRunner.privateRun(TestRunner.java:767)
	at org.testng.TestRunner.run(TestRunner.java:617)
	at org.testng.SuiteRunner.runTest(SuiteRunner.java:334)
	at org.testng.SuiteRunner.runSequentially(SuiteRunner.java:329)
	at org.testng.SuiteRunner.privateRun(SuiteRunner.java:291)
	at org.testng.SuiteRunner.run(SuiteRunner.java:240)
	at org.testng.SuiteRunnerWorker.runSuite(SuiteRunnerWorker.java:52)
	at org.testng.SuiteRunnerWorker.run(SuiteRunnerWorker.java:86)
	at org.testng.TestNG.runSuitesSequentially(TestNG.java:1198)
	at org.testng.TestNG.runSuitesLocally(TestNG.java:1123)
	at org.testng.TestNG.run(TestNG.java:1031)
	at org.apache.maven.surefire.testng.TestNGExecutor.run(TestNGExecutor.java:293)
	at org.apache.maven.surefire.testng.TestNGXmlTestSuite.execute(TestNGXmlTestSuite.java:84)
	at org.apache.maven.surefire.testng.TestNGProvider.invoke(TestNGProvider.java:91)
	at org.apache.maven.surefire.booter.ForkedBooter.invokeProviderInSameClassLoader(ForkedBooter.java:200)
	at org.apache.maven.surefire.booter.ForkedBooter.runSuitesInProcess(ForkedBooter.java:153)
	at org.apache.maven.surefire.booter.ForkedBooter.main(ForkedBooter.java:103)
]]>
            </full-stacktrace>
          </exception> <!-- org.openqa.selenium.WebDriverException -->
          <reporter-output>
            <line>
              <![CDATA[From listner - The test failed out [TestResult name=openHomePage status=FAILURE method=testforgotPassWord.openHomePage()[pri:0, instance:com.cashkaro.testScripts.testforgotPassWord@150c158] output={null}]]]>
            </line>
            <line>
              <![CDATA[From listner - The test failed out [TestResult name=openHomePage status=FAILURE method=testforgotPassWord.openHomePage()[pri:0, instance:com.cashkaro.testScripts.testforgotPassWord@150c158] output=From listner - The test failed out [TestResult name=openHomePage status=FAILURE method=testforgotPassWord.openHomePage()[pri:0, instance:com.cashkaro.testScripts.testforgotPassWord@150c158] output={null}]]]]>
            </line>
          </reporter-output>
        </test-method> <!-- openHomePage -->
        <test-method status="PASS" signature="tearPwdDown()[pri:0, instance:com.cashkaro.testScripts.testforgotPassWord@150c158]" name="tearPwdDown" duration-ms="739" started-at="2018-04-14T12:10:42Z" finished-at="2018-04-14T12:10:43Z">
          <reporter-output>
            <line>
              <![CDATA[Close browser error]]>
            </line>
          </reporter-output>
        </test-method> <!-- tearPwdDown -->
        <test-method status="SKIP" signature="openForgotPasswordFrame()[pri:0, instance:com.cashkaro.testScripts.testforgotPassWord@150c158]" name="openForgotPasswordFrame" duration-ms="0" started-at="2018-04-14T12:10:43Z" depends-on-methods="com.cashkaro.testScripts.testforgotPassWord.openHomePage" finished-at="2018-04-14T12:10:43Z">
          <reporter-output>
          </reporter-output>
        </test-method> <!-- openForgotPasswordFrame -->
        <test-method status="SKIP" signature="testforgotPasswordFrame(java.lang.String, java.lang.String)[pri:0, instance:com.cashkaro.testScripts.testforgotPassWord@150c158]" name="testforgotPasswordFrame" duration-ms="0" started-at="2018-04-14T12:10:43Z" data-provider="passwordTestData" depends-on-methods="com.cashkaro.testScripts.testforgotPassWord.openForgotPasswordFrame" finished-at="2018-04-14T12:10:43Z">
          <reporter-output>
          </reporter-output>
        </test-method> <!-- testforgotPasswordFrame -->
        <test-method status="SKIP" signature="closeforgotPasswordFrame()[pri:0, instance:com.cashkaro.testScripts.testforgotPassWord@150c158]" name="closeforgotPasswordFrame" duration-ms="1" started-at="2018-04-14T12:10:43Z" depends-on-methods="com.cashkaro.testScripts.testforgotPassWord.openForgotPasswordFrame" finished-at="2018-04-14T12:10:43Z">
          <reporter-output>
          </reporter-output>
        </test-method> <!-- closeforgotPasswordFrame -->
      </class> <!-- com.cashkaro.testScripts.testforgotPassWord -->
    </test> <!-- Forgot Password Tests -->
    <test name="Login Test" duration-ms="10321" started-at="2018-04-14T06:40:43Z" finished-at="2018-04-14T06:40:53Z">
      <class name="com.cashkaro.testScripts.testLogin">
        <test-method status="FAIL" signature="openHomePage()[pri:0, instance:com.cashkaro.testScripts.testLogin@27d415d9]" name="openHomePage" duration-ms="10231" started-at="2018-04-14T12:10:43Z" finished-at="2018-04-14T12:10:53Z">
          <exception class="org.openqa.selenium.WebDriverException">
            <message>
              <![CDATA[unknown error: cannot get automation extension
from chrome not reachable
  (Session info: chrome=65.0.3325.181)
  (Driver info: chromedriver=2.25.426923 (0390b88869384d6eb0d5d09729679f934aab9eed),platform=Windows NT 10.0.16299 x86_64) (WARNING: The server did not provide any stacktrace information)
Command duration or timeout: 8.35 seconds
Build info: version: '3.0.1', revision: '1969d75', time: '2016-10-18 09:49:13 -0700'
System info: host: 'LAPTOP-3US0J0PL', ip: '192.168.1.2', os.name: 'Windows 10', os.arch: 'amd64', os.version: '10.0', java.version: '1.8.0_161'
Driver info: org.openqa.selenium.chrome.ChromeDriver
Capabilities [{applicationCacheEnabled=false, rotatable=false, mobileEmulationEnabled=false, networkConnectionEnabled=false, chrome={chromedriverVersion=2.25.426923 (0390b88869384d6eb0d5d09729679f934aab9eed), userDataDir=C:\Users\riju\AppData\Local\Temp\scoped_dir5288_17302}, takesHeapSnapshot=true, pageLoadStrategy=normal, databaseEnabled=false, handlesAlerts=true, hasTouchScreen=false, version=65.0.3325.181, platform=XP, browserConnectionEnabled=false, nativeEvents=true, acceptSslCerts=true, locationContextEnabled=true, webStorageEnabled=true, browserName=chrome, takesScreenshot=true, javascriptEnabled=true, cssSelectorsEnabled=true}]
Session ID: 1230d41f6e6939e2cdc37cd50c65dc25]]>
            </message>
            <full-stacktrace>
              <![CDATA[org.openqa.selenium.WebDriverException: unknown error: cannot get automation extension
from chrome not reachable
  (Session info: chrome=65.0.3325.181)
  (Driver info: chromedriver=2.25.426923 (0390b88869384d6eb0d5d09729679f934aab9eed),platform=Windows NT 10.0.16299 x86_64) (WARNING: The server did not provide any stacktrace information)
Command duration or timeout: 8.35 seconds
Build info: version: '3.0.1', revision: '1969d75', time: '2016-10-18 09:49:13 -0700'
System info: host: 'LAPTOP-3US0J0PL', ip: '192.168.1.2', os.name: 'Windows 10', os.arch: 'amd64', os.version: '10.0', java.version: '1.8.0_161'
Driver info: org.openqa.selenium.chrome.ChromeDriver
Capabilities [{applicationCacheEnabled=false, rotatable=false, mobileEmulationEnabled=false, networkConnectionEnabled=false, chrome={chromedriverVersion=2.25.426923 (0390b88869384d6eb0d5d09729679f934aab9eed), userDataDir=C:\Users\riju\AppData\Local\Temp\scoped_dir5288_17302}, takesHeapSnapshot=true, pageLoadStrategy=normal, databaseEnabled=false, handlesAlerts=true, hasTouchScreen=false, version=65.0.3325.181, platform=XP, browserConnectionEnabled=false, nativeEvents=true, acceptSslCerts=true, locationContextEnabled=true, webStorageEnabled=true, browserName=chrome, takesScreenshot=true, javascriptEnabled=true, cssSelectorsEnabled=true}]
Session ID: 1230d41f6e6939e2cdc37cd50c65dc25
	at sun.reflect.NativeConstructorAccessorImpl.newInstance0(Native Method)
	at sun.reflect.NativeConstructorAccessorImpl.newInstance(NativeConstructorAccessorImpl.java:62)
	at sun.reflect.DelegatingConstructorAccessorImpl.newInstance(DelegatingConstructorAccessorImpl.java:45)
	at java.lang.reflect.Constructor.newInstance(Constructor.java:423)
	at org.openqa.selenium.remote.ErrorHandler.createThrowable(ErrorHandler.java:216)
	at org.openqa.selenium.remote.ErrorHandler.throwIfResponseFailed(ErrorHandler.java:168)
	at org.openqa.selenium.remote.RemoteWebDriver.execute(RemoteWebDriver.java:635)
	at org.openqa.selenium.remote.RemoteWebDriver.execute(RemoteWebDriver.java:658)
	at org.openqa.selenium.remote.RemoteWebDriver$RemoteWebDriverOptions$RemoteWindow.maximize(RemoteWebDriver.java:882)
	at com.cashkaro.testutil.Utils.selectBrowser(Utils.java:80)
	at com.cashkaro.testbase.TestBase.init(TestBase.java:34)
	at com.cashkaro.testScripts.testLogin.openHomePage(testLogin.java:25)
	at sun.reflect.NativeMethodAccessorImpl.invoke0(Native Method)
	at sun.reflect.NativeMethodAccessorImpl.invoke(NativeMethodAccessorImpl.java:62)
	at sun.reflect.DelegatingMethodAccessorImpl.invoke(DelegatingMethodAccessorImpl.java:43)
	at java.lang.reflect.Method.invoke(Method.java:498)
	at org.testng.internal.MethodInvocationHelper.invokeMethod(MethodInvocationHelper.java:80)
	at org.testng.internal.Invoker.invokeMethod(Invoker.java:714)
	at org.testng.internal.Invoker.invokeTestMethod(Invoker.java:901)
	at org.testng.internal.Invoker.invokeTestMethods(Invoker.java:1231)
	at org.testng.internal.TestMethodWorker.invokeTestMethods(TestMethodWorker.java:127)
	at org.testng.internal.TestMethodWorker.run(TestMethodWorker.java:111)
	at org.testng.TestRunner.privateRun(TestRunner.java:767)
	at org.testng.TestRunner.run(TestRunner.java:617)
	at org.testng.SuiteRunner.runTest(SuiteRunner.java:334)
	at org.testng.SuiteRunner.runSequentially(SuiteRunner.java:329)
	at org.testng.SuiteRunner.privateRun(SuiteRunner.java:291)
	at org.testng.SuiteRunner.run(SuiteRunner.java:240)
	at org.testng.SuiteRunnerWorker.runSuite(SuiteRunnerWorker.java:52)
	at org.testng.SuiteRunnerWorker.run(SuiteRunnerWorker.java:86)
	at org.testng.TestNG.runSuitesSequentially(TestNG.java:1198)
	at org.testng.TestNG.runSuitesLocally(TestNG.java:1123)
	at org.testng.TestNG.run(TestNG.java:1031)
	at org.apache.maven.surefire.testng.TestNGExecutor.run(TestNGExecutor.java:293)
	at org.apache.maven.surefire.testng.TestNGXmlTestSuite.execute(TestNGXmlTestSuite.java:84)
	at org.apache.maven.surefire.testng.TestNGProvider.invoke(TestNGProvider.java:91)
	at org.apache.maven.surefire.booter.ForkedBooter.invokeProviderInSameClassLoader(ForkedBooter.java:200)
	at org.apache.maven.surefire.booter.ForkedBooter.runSuitesInProcess(ForkedBooter.java:153)
	at org.apache.maven.surefire.booter.ForkedBooter.main(ForkedBooter.java:103)
]]>
            </full-stacktrace>
          </exception> <!-- org.openqa.selenium.WebDriverException -->
          <reporter-output>
            <line>
              <![CDATA[From listner - The test failed out [TestResult name=openHomePage status=FAILURE method=testLogin.openHomePage()[pri:0, instance:com.cashkaro.testScripts.testLogin@27d415d9] output={null}]]]>
            </line>
            <line>
              <![CDATA[From listner - The test failed out [TestResult name=openHomePage status=FAILURE method=testLogin.openHomePage()[pri:0, instance:com.cashkaro.testScripts.testLogin@27d415d9] output=From listner - The test failed out [TestResult name=openHomePage status=FAILURE method=testLogin.openHomePage()[pri:0, instance:com.cashkaro.testScripts.testLogin@27d415d9] output={null}]]]]>
            </line>
          </reporter-output>
        </test-method> <!-- openHomePage -->
        <test-method status="SKIP" signature="openSignInPage()[pri:0, instance:com.cashkaro.testScripts.testLogin@27d415d9]" name="openSignInPage" duration-ms="0" started-at="2018-04-14T12:10:53Z" depends-on-methods="com.cashkaro.testScripts.testLogin.openHomePage" finished-at="2018-04-14T12:10:53Z">
          <reporter-output>
          </reporter-output>
        </test-method> <!-- openSignInPage -->
        <test-method status="SKIP" signature="validSignINFrame(java.lang.String, java.lang.String, java.lang.String)[pri:0, instance:com.cashkaro.testScripts.testLogin@27d415d9]" name="validSignINFrame" duration-ms="0" started-at="2018-04-14T12:10:53Z" data-provider="loginTestData" depends-on-methods="com.cashkaro.testScripts.testLogin.openHomePage" finished-at="2018-04-14T12:10:53Z">
          <reporter-output>
          </reporter-output>
        </test-method> <!-- validSignINFrame -->
        <test-method status="SKIP" signature="tearDown()[pri:0, instance:com.cashkaro.testScripts.testLogin@27d415d9]" name="tearDown" duration-ms="0" started-at="2018-04-14T12:10:53Z" depends-on-methods="com.cashkaro.testScripts.testLogin.openHomePage" finished-at="2018-04-14T12:10:53Z">
          <reporter-output>
          </reporter-output>
        </test-method> <!-- tearDown -->
        <test-method status="SKIP" signature="testTheLogin(java.lang.String, java.lang.String, java.lang.String)[pri:0, instance:com.cashkaro.testScripts.testLogin@27d415d9]" name="testTheLogin" duration-ms="0" started-at="2018-04-14T12:10:53Z" data-provider="loginTestData" depends-on-methods="com.cashkaro.testScripts.testLogin.openSignInPage" finished-at="2018-04-14T12:10:53Z">
          <reporter-output>
          </reporter-output>
        </test-method> <!-- testTheLogin -->
        <test-method status="SKIP" signature="closeSignINFrame()[pri:0, instance:com.cashkaro.testScripts.testLogin@27d415d9]" name="closeSignINFrame" duration-ms="0" started-at="2018-04-14T12:10:53Z" depends-on-methods="com.cashkaro.testScripts.testLogin.openSignInPage" finished-at="2018-04-14T12:10:53Z">
          <reporter-output>
          </reporter-output>
        </test-method> <!-- closeSignINFrame -->
      </class> <!-- com.cashkaro.testScripts.testLogin -->
    </test> <!-- Login Test -->
    <test name="Join With Facebook" duration-ms="4730" started-at="2018-04-14T06:40:53Z" finished-at="2018-04-14T06:40:58Z">
      <class name="com.cashkaro.testScripts.testJoinWithFaceBook">
        <test-method status="FAIL" signature="openHomePage()[pri:0, instance:com.cashkaro.testScripts.testJoinWithFaceBook@5d11346a]" name="openHomePage" duration-ms="4648" started-at="2018-04-14T12:10:53Z" finished-at="2018-04-14T12:10:58Z">
          <exception class="org.openqa.selenium.WebDriverException">
            <message>
              <![CDATA[unknown error: cannot get automation extension
from chrome not reachable
  (Session info: chrome=65.0.3325.181)
  (Driver info: chromedriver=2.25.426923 (0390b88869384d6eb0d5d09729679f934aab9eed),platform=Windows NT 10.0.16299 x86_64) (WARNING: The server did not provide any stacktrace information)
Command duration or timeout: 2.76 seconds
Build info: version: '3.0.1', revision: '1969d75', time: '2016-10-18 09:49:13 -0700'
System info: host: 'LAPTOP-3US0J0PL', ip: '192.168.1.2', os.name: 'Windows 10', os.arch: 'amd64', os.version: '10.0', java.version: '1.8.0_161'
Driver info: org.openqa.selenium.chrome.ChromeDriver
Capabilities [{applicationCacheEnabled=false, rotatable=false, mobileEmulationEnabled=false, networkConnectionEnabled=false, chrome={chromedriverVersion=2.25.426923 (0390b88869384d6eb0d5d09729679f934aab9eed), userDataDir=C:\Users\riju\AppData\Local\Temp\scoped_dir1408_26816}, takesHeapSnapshot=true, pageLoadStrategy=normal, databaseEnabled=false, handlesAlerts=true, hasTouchScreen=false, version=65.0.3325.181, platform=XP, browserConnectionEnabled=false, nativeEvents=true, acceptSslCerts=true, locationContextEnabled=true, webStorageEnabled=true, browserName=chrome, takesScreenshot=true, javascriptEnabled=true, cssSelectorsEnabled=true}]
Session ID: f78f330f962a8f2069de44ecc00051bc]]>
            </message>
            <full-stacktrace>
              <![CDATA[org.openqa.selenium.WebDriverException: unknown error: cannot get automation extension
from chrome not reachable
  (Session info: chrome=65.0.3325.181)
  (Driver info: chromedriver=2.25.426923 (0390b88869384d6eb0d5d09729679f934aab9eed),platform=Windows NT 10.0.16299 x86_64) (WARNING: The server did not provide any stacktrace information)
Command duration or timeout: 2.76 seconds
Build info: version: '3.0.1', revision: '1969d75', time: '2016-10-18 09:49:13 -0700'
System info: host: 'LAPTOP-3US0J0PL', ip: '192.168.1.2', os.name: 'Windows 10', os.arch: 'amd64', os.version: '10.0', java.version: '1.8.0_161'
Driver info: org.openqa.selenium.chrome.ChromeDriver
Capabilities [{applicationCacheEnabled=false, rotatable=false, mobileEmulationEnabled=false, networkConnectionEnabled=false, chrome={chromedriverVersion=2.25.426923 (0390b88869384d6eb0d5d09729679f934aab9eed), userDataDir=C:\Users\riju\AppData\Local\Temp\scoped_dir1408_26816}, takesHeapSnapshot=true, pageLoadStrategy=normal, databaseEnabled=false, handlesAlerts=true, hasTouchScreen=false, version=65.0.3325.181, platform=XP, browserConnectionEnabled=false, nativeEvents=true, acceptSslCerts=true, locationContextEnabled=true, webStorageEnabled=true, browserName=chrome, takesScreenshot=true, javascriptEnabled=true, cssSelectorsEnabled=true}]
Session ID: f78f330f962a8f2069de44ecc00051bc
	at sun.reflect.NativeConstructorAccessorImpl.newInstance0(Native Method)
	at sun.reflect.NativeConstructorAccessorImpl.newInstance(NativeConstructorAccessorImpl.java:62)
	at sun.reflect.DelegatingConstructorAccessorImpl.newInstance(DelegatingConstructorAccessorImpl.java:45)
	at java.lang.reflect.Constructor.newInstance(Constructor.java:423)
	at org.openqa.selenium.remote.ErrorHandler.createThrowable(ErrorHandler.java:216)
	at org.openqa.selenium.remote.ErrorHandler.throwIfResponseFailed(ErrorHandler.java:168)
	at org.openqa.selenium.remote.RemoteWebDriver.execute(RemoteWebDriver.java:635)
	at org.openqa.selenium.remote.RemoteWebDriver.execute(RemoteWebDriver.java:658)
	at org.openqa.selenium.remote.RemoteWebDriver$RemoteWebDriverOptions$RemoteWindow.maximize(RemoteWebDriver.java:882)
	at com.cashkaro.testutil.Utils.selectBrowser(Utils.java:80)
	at com.cashkaro.testbase.TestBase.init(TestBase.java:34)
	at com.cashkaro.testScripts.testJoinWithFaceBook.openHomePage(testJoinWithFaceBook.java:31)
	at sun.reflect.NativeMethodAccessorImpl.invoke0(Native Method)
	at sun.reflect.NativeMethodAccessorImpl.invoke(NativeMethodAccessorImpl.java:62)
	at sun.reflect.DelegatingMethodAccessorImpl.invoke(DelegatingMethodAccessorImpl.java:43)
	at java.lang.reflect.Method.invoke(Method.java:498)
	at org.testng.internal.MethodInvocationHelper.invokeMethod(MethodInvocationHelper.java:80)
	at org.testng.internal.Invoker.invokeMethod(Invoker.java:714)
	at org.testng.internal.Invoker.invokeTestMethod(Invoker.java:901)
	at org.testng.internal.Invoker.invokeTestMethods(Invoker.java:1231)
	at org.testng.internal.TestMethodWorker.invokeTestMethods(TestMethodWorker.java:127)
	at org.testng.internal.TestMethodWorker.run(TestMethodWorker.java:111)
	at org.testng.TestRunner.privateRun(TestRunner.java:767)
	at org.testng.TestRunner.run(TestRunner.java:617)
	at org.testng.SuiteRunner.runTest(SuiteRunner.java:334)
	at org.testng.SuiteRunner.runSequentially(SuiteRunner.java:329)
	at org.testng.SuiteRunner.privateRun(SuiteRunner.java:291)
	at org.testng.SuiteRunner.run(SuiteRunner.java:240)
	at org.testng.SuiteRunnerWorker.runSuite(SuiteRunnerWorker.java:52)
	at org.testng.SuiteRunnerWorker.run(SuiteRunnerWorker.java:86)
	at org.testng.TestNG.runSuitesSequentially(TestNG.java:1198)
	at org.testng.TestNG.runSuitesLocally(TestNG.java:1123)
	at org.testng.TestNG.run(TestNG.java:1031)
	at org.apache.maven.surefire.testng.TestNGExecutor.run(TestNGExecutor.java:293)
	at org.apache.maven.surefire.testng.TestNGXmlTestSuite.execute(TestNGXmlTestSuite.java:84)
	at org.apache.maven.surefire.testng.TestNGProvider.invoke(TestNGProvider.java:91)
	at org.apache.maven.surefire.booter.ForkedBooter.invokeProviderInSameClassLoader(ForkedBooter.java:200)
	at org.apache.maven.surefire.booter.ForkedBooter.runSuitesInProcess(ForkedBooter.java:153)
	at org.apache.maven.surefire.booter.ForkedBooter.main(ForkedBooter.java:103)
]]>
            </full-stacktrace>
          </exception> <!-- org.openqa.selenium.WebDriverException -->
          <reporter-output>
            <line>
              <![CDATA[From listner - The test failed out [TestResult name=openHomePage status=FAILURE method=testJoinWithFaceBook.openHomePage()[pri:0, instance:com.cashkaro.testScripts.testJoinWithFaceBook@5d11346a] output={null}]]]>
            </line>
            <line>
              <![CDATA[From listner - The test failed out [TestResult name=openHomePage status=FAILURE method=testJoinWithFaceBook.openHomePage()[pri:0, instance:com.cashkaro.testScripts.testJoinWithFaceBook@5d11346a] output=From listner - The test failed out [TestResult name=openHomePage status=FAILURE method=testJoinWithFaceBook.openHomePage()[pri:0, instance:com.cashkaro.testScripts.testJoinWithFaceBook@5d11346a] output={null}]]]]>
            </line>
          </reporter-output>
        </test-method> <!-- openHomePage -->
        <test-method status="SKIP" signature="openJoinFreePage()[pri:0, instance:com.cashkaro.testScripts.testJoinWithFaceBook@5d11346a]" name="openJoinFreePage" duration-ms="0" started-at="2018-04-14T12:10:58Z" depends-on-methods="com.cashkaro.testScripts.testJoinWithFaceBook.openHomePage" finished-at="2018-04-14T12:10:58Z">
          <reporter-output>
          </reporter-output>
        </test-method> <!-- openJoinFreePage -->
        <test-method status="SKIP" signature="openJoinFB()[pri:0, instance:com.cashkaro.testScripts.testJoinWithFaceBook@5d11346a]" name="openJoinFB" duration-ms="0" started-at="2018-04-14T12:10:58Z" depends-on-methods="com.cashkaro.testScripts.testJoinWithFaceBook.openJoinFreePage" finished-at="2018-04-14T12:10:58Z">
          <reporter-output>
          </reporter-output>
        </test-method> <!-- openJoinFB -->
        <test-method status="SKIP" signature="validateFBLinks()[pri:0, instance:com.cashkaro.testScripts.testJoinWithFaceBook@5d11346a]" name="validateFBLinks" duration-ms="0" started-at="2018-04-14T12:10:58Z" depends-on-methods="com.cashkaro.testScripts.testJoinWithFaceBook.openJoinFB" finished-at="2018-04-14T12:10:58Z">
          <reporter-output>
          </reporter-output>
        </test-method> <!-- validateFBLinks -->
        <test-method status="SKIP" signature="tearDown()[pri:0, instance:com.cashkaro.testScripts.testJoinWithFaceBook@5d11346a]" name="tearDown" duration-ms="0" started-at="2018-04-14T12:10:58Z" depends-on-methods="com.cashkaro.testScripts.testJoinWithFaceBook.openJoinFB" finished-at="2018-04-14T12:10:58Z">
          <reporter-output>
          </reporter-output>
        </test-method> <!-- tearDown -->
      </class> <!-- com.cashkaro.testScripts.testJoinWithFaceBook -->
    </test> <!-- Join With Facebook -->
    <test name="Join Free" duration-ms="11992" started-at="2018-04-14T06:40:58Z" finished-at="2018-04-14T06:41:10Z">
      <class name="com.cashkaro.testScripts.testJoinFree">
        <test-method status="FAIL" signature="openHomePage()[pri:0, instance:com.cashkaro.testScripts.testJoinFree@6dde5c8c]" name="openHomePage" duration-ms="11924" started-at="2018-04-14T12:10:58Z" finished-at="2018-04-14T12:11:10Z">
          <exception class="org.openqa.selenium.WebDriverException">
            <message>
              <![CDATA[unknown error: cannot get automation extension
from unknown error: page could not be found: chrome-extension://aapnijgdinlhnhlmodcfapnahmbfebeb/_generated_background_page.html
  (Session info: chrome=65.0.3325.181)
  (Driver info: chromedriver=2.25.426923 (0390b88869384d6eb0d5d09729679f934aab9eed),platform=Windows NT 10.0.16299 x86_64) (WARNING: The server did not provide any stacktrace information)
Command duration or timeout: 10.06 seconds
Build info: version: '3.0.1', revision: '1969d75', time: '2016-10-18 09:49:13 -0700'
System info: host: 'LAPTOP-3US0J0PL', ip: '192.168.1.2', os.name: 'Windows 10', os.arch: 'amd64', os.version: '10.0', java.version: '1.8.0_161'
Driver info: org.openqa.selenium.chrome.ChromeDriver
Capabilities [{applicationCacheEnabled=false, rotatable=false, mobileEmulationEnabled=false, networkConnectionEnabled=false, chrome={chromedriverVersion=2.25.426923 (0390b88869384d6eb0d5d09729679f934aab9eed), userDataDir=C:\Users\riju\AppData\Local\Temp\scoped_dir10488_8244}, takesHeapSnapshot=true, pageLoadStrategy=normal, databaseEnabled=false, handlesAlerts=true, hasTouchScreen=false, version=65.0.3325.181, platform=XP, browserConnectionEnabled=false, nativeEvents=true, acceptSslCerts=true, locationContextEnabled=true, webStorageEnabled=true, browserName=chrome, takesScreenshot=true, javascriptEnabled=true, cssSelectorsEnabled=true}]
Session ID: 4e15b685c9063c773f3a06099da3e2eb]]>
            </message>
            <full-stacktrace>
              <![CDATA[org.openqa.selenium.WebDriverException: unknown error: cannot get automation extension
from unknown error: page could not be found: chrome-extension://aapnijgdinlhnhlmodcfapnahmbfebeb/_generated_background_page.html
  (Session info: chrome=65.0.3325.181)
  (Driver info: chromedriver=2.25.426923 (0390b88869384d6eb0d5d09729679f934aab9eed),platform=Windows NT 10.0.16299 x86_64) (WARNING: The server did not provide any stacktrace information)
Command duration or timeout: 10.06 seconds
Build info: version: '3.0.1', revision: '1969d75', time: '2016-10-18 09:49:13 -0700'
System info: host: 'LAPTOP-3US0J0PL', ip: '192.168.1.2', os.name: 'Windows 10', os.arch: 'amd64', os.version: '10.0', java.version: '1.8.0_161'
Driver info: org.openqa.selenium.chrome.ChromeDriver
Capabilities [{applicationCacheEnabled=false, rotatable=false, mobileEmulationEnabled=false, networkConnectionEnabled=false, chrome={chromedriverVersion=2.25.426923 (0390b88869384d6eb0d5d09729679f934aab9eed), userDataDir=C:\Users\riju\AppData\Local\Temp\scoped_dir10488_8244}, takesHeapSnapshot=true, pageLoadStrategy=normal, databaseEnabled=false, handlesAlerts=true, hasTouchScreen=false, version=65.0.3325.181, platform=XP, browserConnectionEnabled=false, nativeEvents=true, acceptSslCerts=true, locationContextEnabled=true, webStorageEnabled=true, browserName=chrome, takesScreenshot=true, javascriptEnabled=true, cssSelectorsEnabled=true}]
Session ID: 4e15b685c9063c773f3a06099da3e2eb
	at sun.reflect.NativeConstructorAccessorImpl.newInstance0(Native Method)
	at sun.reflect.NativeConstructorAccessorImpl.newInstance(NativeConstructorAccessorImpl.java:62)
	at sun.reflect.DelegatingConstructorAccessorImpl.newInstance(DelegatingConstructorAccessorImpl.java:45)
	at java.lang.reflect.Constructor.newInstance(Constructor.java:423)
	at org.openqa.selenium.remote.ErrorHandler.createThrowable(ErrorHandler.java:216)
	at org.openqa.selenium.remote.ErrorHandler.throwIfResponseFailed(ErrorHandler.java:168)
	at org.openqa.selenium.remote.RemoteWebDriver.execute(RemoteWebDriver.java:635)
	at org.openqa.selenium.remote.RemoteWebDriver.execute(RemoteWebDriver.java:658)
	at org.openqa.selenium.remote.RemoteWebDriver$RemoteWebDriverOptions$RemoteWindow.maximize(RemoteWebDriver.java:882)
	at com.cashkaro.testutil.Utils.selectBrowser(Utils.java:80)
	at com.cashkaro.testbase.TestBase.init(TestBase.java:34)
	at com.cashkaro.testScripts.testJoinFree.openHomePage(testJoinFree.java:25)
	at sun.reflect.NativeMethodAccessorImpl.invoke0(Native Method)
	at sun.reflect.NativeMethodAccessorImpl.invoke(NativeMethodAccessorImpl.java:62)
	at sun.reflect.DelegatingMethodAccessorImpl.invoke(DelegatingMethodAccessorImpl.java:43)
	at java.lang.reflect.Method.invoke(Method.java:498)
	at org.testng.internal.MethodInvocationHelper.invokeMethod(MethodInvocationHelper.java:80)
	at org.testng.internal.Invoker.invokeMethod(Invoker.java:714)
	at org.testng.internal.Invoker.invokeTestMethod(Invoker.java:901)
	at org.testng.internal.Invoker.invokeTestMethods(Invoker.java:1231)
	at org.testng.internal.TestMethodWorker.invokeTestMethods(TestMethodWorker.java:127)
	at org.testng.internal.TestMethodWorker.run(TestMethodWorker.java:111)
	at org.testng.TestRunner.privateRun(TestRunner.java:767)
	at org.testng.TestRunner.run(TestRunner.java:617)
	at org.testng.SuiteRunner.runTest(SuiteRunner.java:334)
	at org.testng.SuiteRunner.runSequentially(SuiteRunner.java:329)
	at org.testng.SuiteRunner.privateRun(SuiteRunner.java:291)
	at org.testng.SuiteRunner.run(SuiteRunner.java:240)
	at org.testng.SuiteRunnerWorker.runSuite(SuiteRunnerWorker.java:52)
	at org.testng.SuiteRunnerWorker.run(SuiteRunnerWorker.java:86)
	at org.testng.TestNG.runSuitesSequentially(TestNG.java:1198)
	at org.testng.TestNG.runSuitesLocally(TestNG.java:1123)
	at org.testng.TestNG.run(TestNG.java:1031)
	at org.apache.maven.surefire.testng.TestNGExecutor.run(TestNGExecutor.java:293)
	at org.apache.maven.surefire.testng.TestNGXmlTestSuite.execute(TestNGXmlTestSuite.java:84)
	at org.apache.maven.surefire.testng.TestNGProvider.invoke(TestNGProvider.java:91)
	at org.apache.maven.surefire.booter.ForkedBooter.invokeProviderInSameClassLoader(ForkedBooter.java:200)
	at org.apache.maven.surefire.booter.ForkedBooter.runSuitesInProcess(ForkedBooter.java:153)
	at org.apache.maven.surefire.booter.ForkedBooter.main(ForkedBooter.java:103)
]]>
            </full-stacktrace>
          </exception> <!-- org.openqa.selenium.WebDriverException -->
          <reporter-output>
            <line>
              <![CDATA[From listner - The test failed out [TestResult name=openHomePage status=FAILURE method=testJoinFree.openHomePage()[pri:0, instance:com.cashkaro.testScripts.testJoinFree@6dde5c8c] output={null}]]]>
            </line>
            <line>
              <![CDATA[From listner - The test failed out [TestResult name=openHomePage status=FAILURE method=testJoinFree.openHomePage()[pri:0, instance:com.cashkaro.testScripts.testJoinFree@6dde5c8c] output=From listner - The test failed out [TestResult name=openHomePage status=FAILURE method=testJoinFree.openHomePage()[pri:0, instance:com.cashkaro.testScripts.testJoinFree@6dde5c8c] output={null}]]]]>
            </line>
          </reporter-output>
        </test-method> <!-- openHomePage -->
        <test-method status="SKIP" signature="openJoinFreePage()[pri:0, instance:com.cashkaro.testScripts.testJoinFree@6dde5c8c]" name="openJoinFreePage" duration-ms="0" started-at="2018-04-14T12:11:10Z" depends-on-methods="com.cashkaro.testScripts.testJoinFree.openHomePage" finished-at="2018-04-14T12:11:10Z">
          <reporter-output>
          </reporter-output>
        </test-method> <!-- openJoinFreePage -->
        <test-method status="SKIP" signature="tearDown()[pri:0, instance:com.cashkaro.testScripts.testJoinFree@6dde5c8c]" name="tearDown" duration-ms="0" started-at="2018-04-14T12:11:10Z" depends-on-methods="com.cashkaro.testScripts.testJoinFree.openHomePage" finished-at="2018-04-14T12:11:10Z">
          <reporter-output>
          </reporter-output>
        </test-method> <!-- tearDown -->
        <test-method status="SKIP" signature="testTheLogin(java.lang.String, java.lang.String, java.lang.String)[pri:0, instance:com.cashkaro.testScripts.testJoinFree@6dde5c8c]" name="testTheLogin" duration-ms="0" started-at="2018-04-14T12:11:10Z" data-provider="joinFreeTestData" depends-on-methods="com.cashkaro.testScripts.testJoinFree.openJoinFreePage" finished-at="2018-04-14T12:11:10Z">
          <reporter-output>
          </reporter-output>
        </test-method> <!-- testTheLogin -->
      </class> <!-- com.cashkaro.testScripts.testJoinFree -->
    </test> <!-- Join Free -->
  </suite> <!-- cashKaroTests -->
</testng-results>
