<?xml version="1.0" encoding="UTF-8"?>
<testng-results skipped="0" failed="1" ignored="0" total="3" passed="2">
  <reporter-output>
  </reporter-output>
  <suite name="Suite" duration-ms="15081" started-at="2017-02-09T12:27:02Z" finished-at="2017-02-09T12:27:17Z">
    <groups>
    </groups>
    <test name="Test" duration-ms="15081" started-at="2017-02-09T12:27:02Z" finished-at="2017-02-09T12:27:17Z">
      <class name="amazondropdown">
        <test-method status="PASS" signature="Initiate()[pri:0, instance:amazondropdown@61832929]" name="Initiate" is-config="true" duration-ms="5454" started-at="2017-02-09T17:57:02Z" finished-at="2017-02-09T17:57:07Z">
          <reporter-output>
          </reporter-output>
        </test-method> <!-- Initiate -->
        <test-method status="PASS" signature="Login()[pri:0, instance:amazondropdown@61832929]" name="Login" duration-ms="5918" started-at="2017-02-09T17:57:07Z" finished-at="2017-02-09T17:57:13Z">
          <reporter-output>
          </reporter-output>
        </test-method> <!-- Login -->
        <test-method status="PASS" signature="CheckAllCategories()[pri:0, instance:amazondropdown@61832929]" name="CheckAllCategories" duration-ms="9266" started-at="2017-02-09T17:57:07Z" finished-at="2017-02-09T17:57:17Z">
          <reporter-output>
          </reporter-output>
        </test-method> <!-- CheckAllCategories -->
        <test-method status="FAIL" signature="CheckSearchSuggestions()[pri:0, instance:amazondropdown@61832929]" name="CheckSearchSuggestions" duration-ms="9571" started-at="2017-02-09T17:57:07Z" finished-at="2017-02-09T17:57:17Z">
          <exception class="java.lang.AssertionError">
            <message>
              <![CDATA[expected [hard drive in Electronics] but found [hard drive in Amazon Fashion]]]>
            </message>
            <full-stacktrace>
              <![CDATA[java.lang.AssertionError: expected [hard drive in Electronics] but found [hard drive in Amazon Fashion]
	at org.testng.Assert.fail(Assert.java:94)
	at org.testng.Assert.failNotEquals(Assert.java:513)
	at org.testng.Assert.assertEqualsImpl(Assert.java:135)
	at org.testng.Assert.assertEquals(Assert.java:116)
	at org.testng.Assert.assertEquals(Assert.java:190)
	at org.testng.Assert.assertEquals(Assert.java:200)
	at amazondropdown.CheckSearchSuggestions(amazondropdown.java:92)
	at sun.reflect.NativeMethodAccessorImpl.invoke0(Native Method)
	at sun.reflect.NativeMethodAccessorImpl.invoke(NativeMethodAccessorImpl.java:62)
	at sun.reflect.DelegatingMethodAccessorImpl.invoke(DelegatingMethodAccessorImpl.java:43)
	at java.lang.reflect.Method.invoke(Method.java:498)
	at org.testng.internal.MethodInvocationHelper.invokeMethod(MethodInvocationHelper.java:104)
	at org.testng.internal.Invoker.invokeMethod(Invoker.java:645)
	at org.testng.internal.Invoker.invokeTestMethod(Invoker.java:851)
	at org.testng.internal.Invoker.invokeTestMethods(Invoker.java:1177)
	at org.testng.internal.TestMethodWorker.invokeTestMethods(TestMethodWorker.java:129)
	at org.testng.internal.TestMethodWorker.run(TestMethodWorker.java:112)
	at java.util.concurrent.ThreadPoolExecutor.runWorker(ThreadPoolExecutor.java:1142)
	at java.util.concurrent.ThreadPoolExecutor$Worker.run(ThreadPoolExecutor.java:617)
	at java.lang.Thread.run(Thread.java:745)
]]>
            </full-stacktrace>
          </exception> <!-- java.lang.AssertionError -->
          <reporter-output>
          </reporter-output>
        </test-method> <!-- CheckSearchSuggestions -->
      </class> <!-- amazondropdown -->
    </test> <!-- Test -->
  </suite> <!-- Suite -->
</testng-results>
