<?xml version="1.0" encoding="UTF-8"?>
<testng-results skipped="2" failed="1" total="3" passed="0">
  <reporter-output>
    <line>
      <![CDATA[From listner - Starting the test org.testng.TestRunner@27d415d9]]>
    </line>
    <line>
      <![CDATA[From listner - The test failed out [TestResult name=openHomePage status=FAILURE method=calculationtest.openHomePage()[pri:0, instance:com.t2s.testScripts.calculationtest@150c158] output={null}]]]>
    </line>
    <line>
      <![CDATA[From listner - The test failed out [TestResult name=openHomePage status=FAILURE method=calculationtest.openHomePage()[pri:0, instance:com.t2s.testScripts.calculationtest@150c158] output=From listner - The test failed out [TestResult name=openHomePage status=FAILURE method=calculationtest.openHomePage()[pri:0, instance:com.t2s.testScripts.calculationtest@150c158] output={null}]]]]>
    </line>
    <line>
      <![CDATA[From listner - The test failed out [TestResult name=validateAddition status=SKIP method=calculationtest.validateAddition(java.lang.String, java.lang.String, java.lang.String)[pri:0, instance:com.t2s.testScripts.calculationtest@150c158] output={null}]]]>
    </line>
    <line>
      <![CDATA[From listner - The test failed out [TestResult name=validateSubstraction status=SKIP method=calculationtest.validateSubstraction(java.lang.String, java.lang.String, java.lang.String)[pri:0, instance:com.t2s.testScripts.calculationtest@150c158] output={null}]]]>
    </line>
    <line>
      <![CDATA[From listner - Ending the test org.testng.TestRunner@27d415d9]]>
    </line>
  </reporter-output>
  <suite name="t2s" duration-ms="14874" started-at="2018-04-14T06:31:45Z" finished-at="2018-04-14T06:32:00Z">
    <groups>
    </groups>
    <test name="Forgot Password Tests" duration-ms="14874" started-at="2018-04-14T06:31:45Z" finished-at="2018-04-14T06:32:00Z">
      <class name="com.t2s.testScripts.calculationtest">
        <test-method status="FAIL" signature="openHomePage()[pri:0, instance:com.t2s.testScripts.calculationtest@150c158]" name="openHomePage" duration-ms="14644" started-at="2018-04-14T12:01:45Z" finished-at="2018-04-14T12:02:00Z">
          <exception class="org.openqa.selenium.WebDriverException">
            <message>
              <![CDATA[unknown error: cannot get automation extension
from unknown error: page could not be found: chrome-extension://aapnijgdinlhnhlmodcfapnahmbfebeb/_generated_background_page.html
  (Session info: chrome=65.0.3325.181)
  (Driver info: chromedriver=2.25.426923 (0390b88869384d6eb0d5d09729679f934aab9eed),platform=Windows NT 10.0.16299 x86_64) (WARNING: The server did not provide any stacktrace information)
Command duration or timeout: 10.24 seconds
Build info: version: '3.0.1', revision: '1969d75', time: '2016-10-18 09:49:13 -0700'
System info: host: 'LAPTOP-3US0J0PL', ip: '192.168.1.2', os.name: 'Windows 10', os.arch: 'amd64', os.version: '10.0', java.version: '1.8.0_161'
Driver info: org.openqa.selenium.chrome.ChromeDriver
Capabilities [{applicationCacheEnabled=false, rotatable=false, mobileEmulationEnabled=false, networkConnectionEnabled=false, chrome={chromedriverVersion=2.25.426923 (0390b88869384d6eb0d5d09729679f934aab9eed), userDataDir=C:\Users\riju\AppData\Local\Temp\scoped_dir4796_15364}, takesHeapSnapshot=true, pageLoadStrategy=normal, databaseEnabled=false, handlesAlerts=true, hasTouchScreen=false, version=65.0.3325.181, platform=XP, browserConnectionEnabled=false, nativeEvents=true, acceptSslCerts=true, locationContextEnabled=true, webStorageEnabled=true, browserName=chrome, takesScreenshot=true, javascriptEnabled=true, cssSelectorsEnabled=true}]
Session ID: d042f204ab310684a32f505d7e28808e]]>
            </message>
            <full-stacktrace>
              <![CDATA[org.openqa.selenium.WebDriverException: unknown error: cannot get automation extension
from unknown error: page could not be found: chrome-extension://aapnijgdinlhnhlmodcfapnahmbfebeb/_generated_background_page.html
  (Session info: chrome=65.0.3325.181)
  (Driver info: chromedriver=2.25.426923 (0390b88869384d6eb0d5d09729679f934aab9eed),platform=Windows NT 10.0.16299 x86_64) (WARNING: The server did not provide any stacktrace information)
Command duration or timeout: 10.24 seconds
Build info: version: '3.0.1', revision: '1969d75', time: '2016-10-18 09:49:13 -0700'
System info: host: 'LAPTOP-3US0J0PL', ip: '192.168.1.2', os.name: 'Windows 10', os.arch: 'amd64', os.version: '10.0', java.version: '1.8.0_161'
Driver info: org.openqa.selenium.chrome.ChromeDriver
Capabilities [{applicationCacheEnabled=false, rotatable=false, mobileEmulationEnabled=false, networkConnectionEnabled=false, chrome={chromedriverVersion=2.25.426923 (0390b88869384d6eb0d5d09729679f934aab9eed), userDataDir=C:\Users\riju\AppData\Local\Temp\scoped_dir4796_15364}, takesHeapSnapshot=true, pageLoadStrategy=normal, databaseEnabled=false, handlesAlerts=true, hasTouchScreen=false, version=65.0.3325.181, platform=XP, browserConnectionEnabled=false, nativeEvents=true, acceptSslCerts=true, locationContextEnabled=true, webStorageEnabled=true, browserName=chrome, takesScreenshot=true, javascriptEnabled=true, cssSelectorsEnabled=true}]
Session ID: d042f204ab310684a32f505d7e28808e
	at sun.reflect.NativeConstructorAccessorImpl.newInstance0(Native Method)
	at sun.reflect.NativeConstructorAccessorImpl.newInstance(NativeConstructorAccessorImpl.java:62)
	at sun.reflect.DelegatingConstructorAccessorImpl.newInstance(DelegatingConstructorAccessorImpl.java:45)
	at java.lang.reflect.Constructor.newInstance(Constructor.java:423)
	at org.openqa.selenium.remote.ErrorHandler.createThrowable(ErrorHandler.java:216)
	at org.openqa.selenium.remote.ErrorHandler.throwIfResponseFailed(ErrorHandler.java:168)
	at org.openqa.selenium.remote.RemoteWebDriver.execute(RemoteWebDriver.java:635)
	at org.openqa.selenium.remote.RemoteWebDriver.execute(RemoteWebDriver.java:658)
	at org.openqa.selenium.remote.RemoteWebDriver$RemoteWebDriverOptions$RemoteWindow.maximize(RemoteWebDriver.java:882)
	at com.t2s.testutil.Utils.selectBrowser(Utils.java:80)
	at com.t2s.testbase.TestBase.init(TestBase.java:35)
	at com.t2s.testScripts.calculationtest.openHomePage(calculationtest.java:29)
	at sun.reflect.NativeMethodAccessorImpl.invoke0(Native Method)
	at sun.reflect.NativeMethodAccessorImpl.invoke(NativeMethodAccessorImpl.java:62)
	at sun.reflect.DelegatingMethodAccessorImpl.invoke(DelegatingMethodAccessorImpl.java:43)
	at java.lang.reflect.Method.invoke(Method.java:498)
	at org.testng.internal.MethodInvocationHelper.invokeMethod(MethodInvocationHelper.java:80)
	at org.testng.internal.Invoker.invokeMethod(Invoker.java:714)
	at org.testng.internal.Invoker.invokeTestMethod(Invoker.java:901)
	at org.testng.internal.Invoker.invokeTestMethods(Invoker.java:1231)
	at org.testng.internal.TestMethodWorker.invokeTestMethods(TestMethodWorker.java:127)
	at org.testng.internal.TestMethodWorker.run(TestMethodWorker.java:111)
	at org.testng.TestRunner.privateRun(TestRunner.java:767)
	at org.testng.TestRunner.run(TestRunner.java:617)
	at org.testng.SuiteRunner.runTest(SuiteRunner.java:334)
	at org.testng.SuiteRunner.runSequentially(SuiteRunner.java:329)
	at org.testng.SuiteRunner.privateRun(SuiteRunner.java:291)
	at org.testng.SuiteRunner.run(SuiteRunner.java:240)
	at org.testng.SuiteRunnerWorker.runSuite(SuiteRunnerWorker.java:52)
	at org.testng.SuiteRunnerWorker.run(SuiteRunnerWorker.java:86)
	at org.testng.TestNG.runSuitesSequentially(TestNG.java:1198)
	at org.testng.TestNG.runSuitesLocally(TestNG.java:1123)
	at org.testng.TestNG.run(TestNG.java:1031)
	at org.apache.maven.surefire.testng.TestNGExecutor.run(TestNGExecutor.java:293)
	at org.apache.maven.surefire.testng.TestNGXmlTestSuite.execute(TestNGXmlTestSuite.java:84)
	at org.apache.maven.surefire.testng.TestNGProvider.invoke(TestNGProvider.java:91)
	at org.apache.maven.surefire.booter.ForkedBooter.invokeProviderInSameClassLoader(ForkedBooter.java:200)
	at org.apache.maven.surefire.booter.ForkedBooter.runSuitesInProcess(ForkedBooter.java:153)
	at org.apache.maven.surefire.booter.ForkedBooter.main(ForkedBooter.java:103)
]]>
            </full-stacktrace>
          </exception> <!-- org.openqa.selenium.WebDriverException -->
          <reporter-output>
            <line>
              <![CDATA[From listner - The test failed out [TestResult name=openHomePage status=FAILURE method=calculationtest.openHomePage()[pri:0, instance:com.t2s.testScripts.calculationtest@150c158] output={null}]]]>
            </line>
            <line>
              <![CDATA[From listner - The test failed out [TestResult name=openHomePage status=FAILURE method=calculationtest.openHomePage()[pri:0, instance:com.t2s.testScripts.calculationtest@150c158] output=From listner - The test failed out [TestResult name=openHomePage status=FAILURE method=calculationtest.openHomePage()[pri:0, instance:com.t2s.testScripts.calculationtest@150c158] output={null}]]]]>
            </line>
          </reporter-output>
        </test-method> <!-- openHomePage -->
        <test-method status="SKIP" signature="validateAddition(java.lang.String, java.lang.String, java.lang.String)[pri:0, instance:com.t2s.testScripts.calculationtest@150c158]" name="validateAddition" duration-ms="0" started-at="2018-04-14T12:02:00Z" data-provider="AdditionTestData" depends-on-methods="com.t2s.testScripts.calculationtest.openHomePage" finished-at="2018-04-14T12:02:00Z">
          <reporter-output>
          </reporter-output>
        </test-method> <!-- validateAddition -->
        <test-method status="SKIP" signature="validateSubstraction(java.lang.String, java.lang.String, java.lang.String)[pri:0, instance:com.t2s.testScripts.calculationtest@150c158]" name="validateSubstraction" duration-ms="0" started-at="2018-04-14T12:02:00Z" data-provider="substractionTestData" depends-on-methods="com.t2s.testScripts.calculationtest.openHomePage" finished-at="2018-04-14T12:02:00Z">
          <reporter-output>
          </reporter-output>
        </test-method> <!-- validateSubstraction -->
      </class> <!-- com.t2s.testScripts.calculationtest -->
    </test> <!-- Forgot Password Tests -->
  </suite> <!-- t2s -->
</testng-results>
