<h2>Reporter output</h2><table><tr><td>From listner - Starting the test org.testng.TestRunner@3d299e3</td></tr>
<tr><td>Close browser error</td></tr>
<tr><td>Webelement --> 'cashkaro.homePage.signInLink' was not found in the page.Error --> 'Session ID is null. Using WebDriver after calling quit()?
Build info: version: 'unknown', revision: '1969d75', time: '2016-10-18 09:43:45 -0700'
System info: host: 'User-PC', ip: '192.168.1.2', os.name: 'Windows 7', os.arch: 'amd64', os.version: '6.1', java.version: '1.8.0_111'
Driver info: driver.version: RemoteWebDriver</td></tr>
<tr><td>From listner - The test failed out [TestResult name=openForgotPasswordFrame status=FAILURE method=testforgotPassWord.openForgotPasswordFrame()[pri:2, instance:com.t2s.testScripts.testforgotPassWord@482cd91f] output=Webelement --> 'cashkaro.homePage.signInLink' was not found in the page.Error --> 'Session ID is null. Using WebDriver after calling quit()?
Build info: version: 'unknown', revision: '1969d75', time: '2016-10-18 09:43:45 -0700'
System info: host: 'User-PC', ip: '192.168.1.2', os.name: 'Windows 7', os.arch: 'amd64', os.version: '6.1', java.version: '1.8.0_111'
Driver info: driver.version: RemoteWebDriver]</td></tr>
<tr><td>From listner - The test failed out [TestResult name=openForgotPasswordFrame status=FAILURE method=testforgotPassWord.openForgotPasswordFrame()[pri:2, instance:com.t2s.testScripts.testforgotPassWord@482cd91f] output=Webelement --> 'cashkaro.homePage.signInLink' was not found in the page.Error --> 'Session ID is null. Using WebDriver after calling quit()?
Build info: version: 'unknown', revision: '1969d75', time: '2016-10-18 09:43:45 -0700'
System info: host: 'User-PC', ip: '192.168.1.2', os.name: 'Windows 7', os.arch: 'amd64', os.version: '6.1', java.version: '1.8.0_111'
Driver info: driver.version: RemoteWebDriver]</td></tr>
</table>